2011-07-22 16:58:30 Notice: Notice (1024): Please change the value of 'Security.salt' in app/config/core.php to a salt value specific to your application in [/home/aj/public_html/cakephp/cake/libs/debugger.php, line 684]
2011-07-22 16:58:30 Notice: Notice (1024): Please change the value of 'Security.cipherSeed' in app/config/core.php to a numeric (digits only) seed value specific to your application in [/home/aj/public_html/cakephp/cake/libs/debugger.php, line 688]
2011-07-22 19:07:13 Notice: Notice (1024): Please change the value of 'Security.salt' in app/config/core.php to a salt value specific to your application in [/home/aj/public_html/cakephp/cake/libs/debugger.php, line 684]
2011-07-22 19:07:13 Notice: Notice (1024): Please change the value of 'Security.cipherSeed' in app/config/core.php to a numeric (digits only) seed value specific to your application in [/home/aj/public_html/cakephp/cake/libs/debugger.php, line 688]
2011-07-22 19:24:17 Notice: Notice (1024): Please change the value of 'Security.salt' in app/config/core.php to a salt value specific to your application in [/home/aj/public_html/cakephp/cake/libs/debugger.php, line 684]
2011-07-22 19:24:17 Notice: Notice (1024): Please change the value of 'Security.cipherSeed' in app/config/core.php to a numeric (digits only) seed value specific to your application in [/home/aj/public_html/cakephp/cake/libs/debugger.php, line 688]
2011-07-25 12:34:55 Notice: Notice (8): Undefined index: id in [/home/aj/public_html/collproject/cake/libs/view/scaffolds/index.ctp, line 55]
2011-07-25 12:34:55 Notice: Notice (8): Undefined index: id in [/home/aj/public_html/collproject/cake/libs/view/scaffolds/index.ctp, line 56]
2011-07-25 12:34:55 Notice: Notice (8): Undefined index: id in [/home/aj/public_html/collproject/cake/libs/view/scaffolds/index.ctp, line 57]
2011-07-25 12:35:24 Notice: Notice (8): Undefined index: id in [/home/aj/public_html/collproject/cake/libs/view/scaffolds/index.ctp, line 55]
2011-07-25 12:35:24 Notice: Notice (8): Undefined index: id in [/home/aj/public_html/collproject/cake/libs/view/scaffolds/index.ctp, line 56]
2011-07-25 12:35:24 Notice: Notice (8): Undefined index: id in [/home/aj/public_html/collproject/cake/libs/view/scaffolds/index.ctp, line 57]
2011-07-25 12:35:32 Notice: Notice (8): Undefined index: id in [/home/aj/public_html/collproject/cake/libs/view/scaffolds/index.ctp, line 55]
2011-07-25 12:35:32 Notice: Notice (8): Undefined index: id in [/home/aj/public_html/collproject/cake/libs/view/scaffolds/index.ctp, line 56]
2011-07-25 12:35:32 Notice: Notice (8): Undefined index: id in [/home/aj/public_html/collproject/cake/libs/view/scaffolds/index.ctp, line 57]
2011-07-25 12:36:41 Notice: Notice (8): Undefined index: id in [/home/aj/public_html/collproject/cake/libs/view/scaffolds/index.ctp, line 55]
2011-07-25 12:36:41 Notice: Notice (8): Undefined index: id in [/home/aj/public_html/collproject/cake/libs/view/scaffolds/index.ctp, line 56]
2011-07-25 12:36:41 Notice: Notice (8): Undefined index: id in [/home/aj/public_html/collproject/cake/libs/view/scaffolds/index.ctp, line 57]
2011-07-27 13:13:30 Notice: Notice (8): Use of undefined constant groupId - assumed 'groupId' in [/home/aj/public_html/collproject/app/models/user.php, line 21]
2011-07-29 11:01:01 Notice: Notice (8): Undefined property: UsersController::$Auth in [/home/aj/public_html/collproject/app/controllers/users_controller.php, line 8]
2011-07-29 11:54:58 Notice: Notice (8): Undefined variable: User in [/home/aj/public_html/collproject/app/controllers/users_controller.php, line 20]
2011-07-29 11:54:59 Notice: Notice (8): Object of class User could not be converted to int in [/home/aj/public_html/collproject/app/controllers/users_controller.php, line 20]
2011-07-29 11:55:56 Notice: Notice (8): Undefined variable: User in [/home/aj/public_html/collproject/app/controllers/users_controller.php, line 20]
2011-07-29 11:55:56 Notice: Notice (8): Object of class User could not be converted to int in [/home/aj/public_html/collproject/app/controllers/users_controller.php, line 20]
2011-07-29 11:58:12 Notice: Notice (8): Undefined variable: User in [/home/aj/public_html/collproject/app/controllers/users_controller.php, line 20]
2011-07-29 11:58:12 Notice: Notice (8): Object of class User could not be converted to int in [/home/aj/public_html/collproject/app/controllers/users_controller.php, line 20]
2011-07-29 15:02:17 Notice: Notice (8): Undefined property: UsersController::$Tickets in [/home/aj/public_html/collproject/app/controllers/users_controller.php, line 36]
2011-07-30 14:41:37 Notice: Notice (8): Undefined variable: username in [/home/aj/public_html/collproject/app/controllers/users_controller.php, line 17]
2011-07-30 14:48:53 Notice: Notice (8): Undefined index: username in [/home/aj/public_html/collproject/app/controllers/users_controller.php, line 18]
2011-07-30 14:48:53 Notice: Notice (8): Undefined index: email in [/home/aj/public_html/collproject/app/controllers/users_controller.php, line 20]
2011-07-30 14:49:10 Notice: Notice (8): Undefined index: username in [/home/aj/public_html/collproject/app/controllers/users_controller.php, line 18]
2011-07-30 14:49:10 Notice: Notice (8): Undefined index: email in [/home/aj/public_html/collproject/app/controllers/users_controller.php, line 20]
2011-07-30 14:50:54 Notice: Notice (8): Undefined index: email in [/home/aj/public_html/collproject/app/controllers/users_controller.php, line 20]
2011-07-30 16:15:09 Notice: Notice (8): Undefined property: UsersController::$Html in [/home/aj/public_html/collproject/app/controllers/users_controller.php, line 31]
2011-07-30 16:18:48 Notice: Notice (8): Undefined property: UsersController::$Html in [/home/aj/public_html/collproject/app/controllers/users_controller.php, line 32]
2011-07-30 16:18:52 Notice: Notice (8): Undefined property: UsersController::$Html in [/home/aj/public_html/collproject/app/controllers/users_controller.php, line 32]
2011-07-30 16:21:13 Notice: Notice (8): Undefined property: UsersController::$Html in [/home/aj/public_html/collproject/app/controllers/users_controller.php, line 29]
2011-07-30 16:30:03 Notice: Notice (8): Undefined property: UsersController::$Html in [/home/aj/public_html/collproject/app/controllers/users_controller.php, line 29]
2011-07-30 16:35:50 Notice: Notice (8): Undefined property: UsersController::$Html in [/home/aj/public_html/collproject/app/controllers/users_controller.php, line 31]
2011-07-30 16:37:06 Notice: Notice (8): Undefined property: UsersController::$Html in [/home/aj/public_html/collproject/app/controllers/users_controller.php, line 31]
2011-07-30 16:38:27 Notice: Notice (8): Undefined property: UsersController::$Html in [/home/aj/public_html/collproject/app/controllers/users_controller.php, line 31]
2011-07-30 16:46:45 Notice: Notice (8): Undefined property: UsersController::$html in [/home/aj/public_html/collproject/app/controllers/users_controller.php, line 29]
2011-07-30 16:47:09 Notice: Notice (8): Undefined property: UsersController::$Html in [/home/aj/public_html/collproject/app/controllers/users_controller.php, line 29]
2011-07-30 16:47:42 Notice: Notice (8): Undefined property: UsersController::$Html in [/home/aj/public_html/collproject/app/controllers/users_controller.php, line 29]
2011-07-30 16:48:24 Notice: Notice (8): Undefined property: UsersController::$Html in [/home/aj/public_html/collproject/app/controllers/users_controller.php, line 29]
2011-07-30 16:48:49 Notice: Notice (8): Undefined property: UsersController::$Html in [/home/aj/public_html/collproject/app/controllers/users_controller.php, line 29]
2011-07-30 16:49:33 Notice: Notice (8): Undefined property: UsersController::$Html in [/home/aj/public_html/collproject/app/controllers/users_controller.php, line 29]
2011-07-30 16:49:49 Notice: Notice (8): Undefined property: UsersController::$Html in [/home/aj/public_html/collproject/app/controllers/users_controller.php, line 29]
2011-07-30 16:50:08 Notice: Notice (8): Undefined property: UsersController::$Html in [/home/aj/public_html/collproject/app/controllers/users_controller.php, line 29]
2011-07-30 16:50:20 Notice: Notice (8): Undefined property: UsersController::$Html in [/home/aj/public_html/collproject/app/controllers/users_controller.php, line 29]
2011-07-30 16:50:40 Notice: Notice (8): Undefined property: UsersController::$Html in [/home/aj/public_html/collproject/app/controllers/users_controller.php, line 29]
2011-07-30 16:50:55 Notice: Notice (8): Undefined property: UsersController::$Html in [/home/aj/public_html/collproject/app/controllers/users_controller.php, line 29]
2011-07-30 16:51:09 Notice: Notice (8): Undefined property: UsersController::$Html in [/home/aj/public_html/collproject/app/controllers/users_controller.php, line 29]
2011-07-30 16:58:48 Notice: Notice (8): Undefined property: UsersController::$Html in [/home/aj/public_html/collproject/app/controllers/users_controller.php, line 29]
2011-07-30 18:08:40 Notice: Notice (8): Undefined variable: This in [/home/aj/public_html/collproject/app/views/elements/email/text/password_reset_message.ctp, line 2]
2011-07-30 18:08:40 Notice: Notice (8): Trying to get property of non-object in [/home/aj/public_html/collproject/app/views/elements/email/text/password_reset_message.ctp, line 2]
2011-07-30 18:08:58 Notice: Notice (8): Undefined variable: Html in [/home/aj/public_html/collproject/app/views/elements/email/text/password_reset_message.ctp, line 2]
2011-07-30 18:10:38 Notice: Notice (8): Undefined variable: emailtoken in [/home/aj/public_html/collproject/app/views/elements/email/text/password_reset_message.ctp, line 2]
2011-07-30 18:32:42 Notice: Notice (8): Undefined index: from in [/home/aj/public_html/collproject/app/views/form_a_records/index.ctp, line 31]
2011-07-30 18:32:42 Notice: Notice (8): Undefined index: to in [/home/aj/public_html/collproject/app/views/form_a_records/index.ctp, line 32]
2011-07-31 18:30:23 Notice: Notice (8): Undefined property: View::$html in [/home/aj/public_html/collproject/app/views/pages/student.ctp, line 18]
2011-07-31 18:32:05 Notice: Notice (8): Undefined index: from in [/home/aj/public_html/collproject/app/views/form_a_records/index.ctp, line 31]
2011-07-31 18:32:05 Notice: Notice (8): Undefined index: to in [/home/aj/public_html/collproject/app/views/form_a_records/index.ctp, line 32]
2011-07-31 18:46:06 Notice: Notice (8): Undefined index: Myview in [/home/aj/public_html/collproject/app/views/users/export_xls.ctp, line 36]
2011-07-31 18:46:06 Notice: Notice (8): Undefined index: Myview in [/home/aj/public_html/collproject/app/views/users/export_xls.ctp, line 37]
2011-08-01 07:23:23 Debug: Notice (8): Undefined index: created in [F:\xampp\htdocs\fbf\app\views\users\index.ctp, line 30]
2011-08-01 07:23:23 Debug: Notice (8): Undefined index: modified in [F:\xampp\htdocs\fbf\app\views\users\index.ctp, line 31]
2011-08-07 15:08:57 Debug: Notice (8): Undefined property: View::$Subject in [F:\xampp\htdocs\fbf\app\views\pages\subjects.ctp, line 55]
2011-08-07 15:09:39 Debug: Notice (8): Undefined property: View::$Subject in [F:\xampp\htdocs\fbf\app\views\pages\subjects.ctp, line 55]
2011-08-07 16:04:45 Debug: Notice (8): Undefined variable: subjects in [F:\xampp\htdocs\fbf\app\views\pages\subjects.ctp, line 34]
2011-08-07 16:31:12 Debug: Notice (8): Undefined variable: subjects in [F:\xampp\htdocs\fbf\app\views\pages\subjects.ctp, line 34]
2011-08-07 16:36:36 Debug: Notice (8): Undefined variable: subjects in [F:\xampp\htdocs\fbf\app\views\pages\subjects.ctp, line 135]
2011-08-08 04:55:22 Debug: Notice (8): Undefined property: AdminController::$Sunject in [F:\xampp\htdocs\fbf\app\controllers\admin_controller.php, line 11]
2011-08-08 05:01:05 Debug: Notice (8): Undefined index: sem in [F:\xampp\htdocs\fbf\app\views\subjects\index.ctp, line 26]
2011-08-08 05:01:05 Debug: Notice (8): Undefined index: section in [F:\xampp\htdocs\fbf\app\views\subjects\index.ctp, line 27]
2011-08-08 05:01:26 Debug: Notice (8): Undefined index: sem in [F:\xampp\htdocs\fbf\app\views\subjects\index.ctp, line 26]
2011-08-08 05:01:26 Debug: Notice (8): Undefined index: section in [F:\xampp\htdocs\fbf\app\views\subjects\index.ctp, line 27]
2011-08-08 05:04:05 Debug: Notice (8): Undefined index: sem in [F:\xampp\htdocs\fbf\app\views\subjects\index.ctp, line 26]
2011-08-08 05:04:05 Debug: Notice (8): Undefined index: section in [F:\xampp\htdocs\fbf\app\views\subjects\index.ctp, line 27]
2011-08-08 05:04:11 Debug: Notice (8): Undefined index: sem in [F:\xampp\htdocs\fbf\app\views\subjects\index.ctp, line 26]
2011-08-08 05:04:11 Debug: Notice (8): Undefined index: section in [F:\xampp\htdocs\fbf\app\views\subjects\index.ctp, line 27]
2011-08-08 05:06:10 Debug: Notice (8): Undefined index: sem in [F:\xampp\htdocs\fbf\app\views\subjects\index.ctp, line 26]
2011-08-08 05:06:10 Debug: Notice (8): Undefined index: section in [F:\xampp\htdocs\fbf\app\views\subjects\index.ctp, line 27]
2011-08-08 05:25:16 Debug: Notice (8): Undefined index: sem in [F:\xampp\htdocs\fbf\app\views\subjects\index.ctp, line 26]
2011-08-08 05:25:16 Debug: Notice (8): Undefined index: section in [F:\xampp\htdocs\fbf\app\views\subjects\index.ctp, line 27]
2011-08-08 08:00:57 Debug: Notice (8): Undefined index: sem in [F:\xampp\htdocs\fbf\app\views\subjects\index.ctp, line 125]
2011-08-08 08:00:57 Debug: Notice (8): Undefined index: section in [F:\xampp\htdocs\fbf\app\views\subjects\index.ctp, line 126]
2011-08-08 08:06:05 Debug: Notice (8): Undefined variable: subjects in [F:\xampp\htdocs\fbf\app\views\pages\subjects.ctp, line 34]
2011-08-08 08:08:35 Debug: Notice (8): Undefined variable: subjects in [F:\xampp\htdocs\fbf\app\views\pages\subjects.ctp, line 34]
2011-08-08 08:08:43 Debug: Notice (8): Undefined variable: subjects in [F:\xampp\htdocs\fbf\app\views\pages\subjects.ctp, line 34]
2011-08-08 08:11:12 Debug: Notice (8): Undefined variable: subjects in [F:\xampp\htdocs\fbf\app\views\pages\subjects.ctp, line 34]
2011-08-08 08:11:55 Debug: Notice (8): Undefined variable: subjects in [F:\xampp\htdocs\fbf\app\views\pages\subjects.ctp, line 34]
2011-08-08 08:55:00 Debug: Notice (8): Undefined variable: subjects in [F:\xampp\htdocs\fbf\app\views\pages\subjects.ctp, line 34]
2011-08-08 08:56:09 Debug: Notice (8): Undefined variable: subjects in [F:\xampp\htdocs\fbf\app\views\pages\subjects.ctp, line 34]
2011-08-08 09:11:19 Debug: Notice (8): Undefined variable: subjects in [F:\xampp\htdocs\fbf\app\views\pages\subjects.ctp, line 34]
2011-08-08 11:53:28 Debug: Notice (8): Undefined property: User::$Subject in [F:\xampp\htdocs\fbf\app\controllers\users_controller.php, line 22]
2011-08-08 11:56:11 Debug: Notice (8): Undefined property: User::$Subject in [F:\xampp\htdocs\fbf\app\controllers\users_controller.php, line 22]
2011-08-08 14:41:29 Debug: Notice (8): Undefined index: FormARecord in [F:\xampp\htdocs\fbf\app\views\form_a_records\index.ctp, line 30]
2011-08-08 14:41:29 Debug: Notice (8): Undefined index: FormARecord in [F:\xampp\htdocs\fbf\app\views\form_a_records\index.ctp, line 31]
2011-08-08 14:41:29 Debug: Notice (8): Undefined index: FormARecord in [F:\xampp\htdocs\fbf\app\views\form_a_records\index.ctp, line 32]
2011-08-08 14:41:29 Debug: Notice (8): Undefined index: FormARecord in [F:\xampp\htdocs\fbf\app\views\form_a_records\index.ctp, line 33]
2011-08-08 14:41:29 Debug: Notice (8): Undefined index: FormARecord in [F:\xampp\htdocs\fbf\app\views\form_a_records\index.ctp, line 34]
2011-08-08 14:41:29 Debug: Notice (8): Undefined index: FormARecord in [F:\xampp\htdocs\fbf\app\views\form_a_records\index.ctp, line 35]
2011-08-08 14:41:29 Debug: Notice (8): Undefined index: FormARecord in [F:\xampp\htdocs\fbf\app\views\form_a_records\index.ctp, line 36]
2011-08-08 14:41:29 Debug: Notice (8): Undefined index: FormARecord in [F:\xampp\htdocs\fbf\app\views\form_a_records\index.ctp, line 37]
2011-08-08 14:41:29 Debug: Notice (8): Undefined index: FormARecord in [F:\xampp\htdocs\fbf\app\views\form_a_records\index.ctp, line 38]
2011-08-08 14:41:29 Debug: Notice (8): Undefined index: FormARecord in [F:\xampp\htdocs\fbf\app\views\form_a_records\index.ctp, line 39]
2011-08-08 14:41:29 Debug: Notice (8): Undefined index: FormARecord in [F:\xampp\htdocs\fbf\app\views\form_a_records\index.ctp, line 40]
2011-08-08 14:41:29 Debug: Notice (8): Undefined index: FormARecord in [F:\xampp\htdocs\fbf\app\views\form_a_records\index.ctp, line 41]
2011-08-08 14:41:29 Debug: Notice (8): Undefined index: FormARecord in [F:\xampp\htdocs\fbf\app\views\form_a_records\index.ctp, line 42]
2011-08-08 14:41:29 Debug: Notice (8): Undefined index: FormARecord in [F:\xampp\htdocs\fbf\app\views\form_a_records\index.ctp, line 43]
2011-08-08 14:41:29 Debug: Notice (8): Undefined index: FormARecord in [F:\xampp\htdocs\fbf\app\views\form_a_records\index.ctp, line 45]
2011-08-08 14:41:29 Debug: Notice (8): Undefined index: FormARecord in [F:\xampp\htdocs\fbf\app\views\form_a_records\index.ctp, line 46]
2011-08-08 14:41:29 Debug: Notice (8): Undefined index: FormARecord in [F:\xampp\htdocs\fbf\app\views\form_a_records\index.ctp, line 47]
2011-08-08 19:21:19 Debug: Notice (8): Undefined property: User::$Subject in [F:\xampp\htdocs\fbf\app\controllers\users_controller.php, line 22]
2011-08-09 03:55:44 Debug: Notice (8): Undefined index: FormARecord in [F:\xampp\htdocs\fbf\app\views\form_a_records\index.ctp, line 30]
2011-08-09 03:55:44 Debug: Notice (8): Undefined index: FormARecord in [F:\xampp\htdocs\fbf\app\views\form_a_records\index.ctp, line 31]
2011-08-09 03:55:44 Debug: Notice (8): Undefined index: FormARecord in [F:\xampp\htdocs\fbf\app\views\form_a_records\index.ctp, line 32]
2011-08-09 03:55:44 Debug: Notice (8): Undefined index: FormARecord in [F:\xampp\htdocs\fbf\app\views\form_a_records\index.ctp, line 33]
2011-08-09 03:55:44 Debug: Notice (8): Undefined index: FormARecord in [F:\xampp\htdocs\fbf\app\views\form_a_records\index.ctp, line 34]
2011-08-09 03:55:44 Debug: Notice (8): Undefined index: FormARecord in [F:\xampp\htdocs\fbf\app\views\form_a_records\index.ctp, line 35]
2011-08-09 03:55:44 Debug: Notice (8): Undefined index: FormARecord in [F:\xampp\htdocs\fbf\app\views\form_a_records\index.ctp, line 36]
2011-08-09 03:55:44 Debug: Notice (8): Undefined index: FormARecord in [F:\xampp\htdocs\fbf\app\views\form_a_records\index.ctp, line 37]
2011-08-09 03:55:44 Debug: Notice (8): Undefined index: FormARecord in [F:\xampp\htdocs\fbf\app\views\form_a_records\index.ctp, line 38]
2011-08-09 03:55:44 Debug: Notice (8): Undefined index: FormARecord in [F:\xampp\htdocs\fbf\app\views\form_a_records\index.ctp, line 39]
2011-08-09 03:55:44 Debug: Notice (8): Undefined index: FormARecord in [F:\xampp\htdocs\fbf\app\views\form_a_records\index.ctp, line 40]
2011-08-09 03:55:44 Debug: Notice (8): Undefined index: FormARecord in [F:\xampp\htdocs\fbf\app\views\form_a_records\index.ctp, line 41]
2011-08-09 03:55:44 Debug: Notice (8): Undefined index: FormARecord in [F:\xampp\htdocs\fbf\app\views\form_a_records\index.ctp, line 42]
2011-08-09 03:55:44 Debug: Notice (8): Undefined index: FormARecord in [F:\xampp\htdocs\fbf\app\views\form_a_records\index.ctp, line 43]
2011-08-09 03:55:44 Debug: Notice (8): Undefined index: FormARecord in [F:\xampp\htdocs\fbf\app\views\form_a_records\index.ctp, line 45]
2011-08-09 03:55:44 Debug: Notice (8): Undefined index: FormARecord in [F:\xampp\htdocs\fbf\app\views\form_a_records\index.ctp, line 46]
2011-08-09 03:55:44 Debug: Notice (8): Undefined index: FormARecord in [F:\xampp\htdocs\fbf\app\views\form_a_records\index.ctp, line 47]
2011-08-09 04:33:57 Debug: Notice (8): Undefined property: User::$Subject in [F:\xampp\htdocs\fbf\app\controllers\users_controller.php, line 22]
2011-08-09 07:14:09 Debug: Notice (8): Undefined property: View::$Js in [F:\xampp\htdocs\fbf\app\views\layouts\default.ctp, line 67]
2011-08-09 07:14:10 Debug: Notice (8): Undefined property: View::$Js in [F:\xampp\htdocs\fbf\app\views\layouts\default.ctp, line 67]
2011-08-09 07:14:10 Debug: Notice (8): Undefined property: View::$Js in [F:\xampp\htdocs\fbf\app\views\layouts\default.ctp, line 67]
2011-08-09 07:14:20 Debug: Notice (8): Undefined property: View::$Js in [F:\xampp\htdocs\fbf\app\views\layouts\default.ctp, line 67]
2011-08-09 07:14:20 Debug: Notice (8): Undefined property: View::$Js in [F:\xampp\htdocs\fbf\app\views\layouts\default.ctp, line 67]
2011-08-09 07:14:20 Debug: Notice (8): Undefined property: View::$Js in [F:\xampp\htdocs\fbf\app\views\layouts\default.ctp, line 67]
2011-08-09 07:14:54 Debug: Notice (8): Undefined property: View::$Js in [F:\xampp\htdocs\fbf\app\views\layouts\default.ctp, line 67]
2011-08-09 07:14:54 Debug: Notice (8): Undefined property: View::$Js in [F:\xampp\htdocs\fbf\app\views\layouts\default.ctp, line 67]
2011-08-09 07:14:54 Debug: Notice (8): Undefined property: View::$Js in [F:\xampp\htdocs\fbf\app\views\layouts\default.ctp, line 67]
2011-08-09 07:14:55 Debug: Notice (8): Undefined property: View::$Js in [F:\xampp\htdocs\fbf\app\views\layouts\default.ctp, line 67]
2011-08-09 07:14:55 Debug: Notice (8): Undefined property: View::$Js in [F:\xampp\htdocs\fbf\app\views\layouts\default.ctp, line 67]
2011-08-09 07:14:55 Debug: Notice (8): Undefined property: View::$Js in [F:\xampp\htdocs\fbf\app\views\layouts\default.ctp, line 67]
2011-08-09 07:15:05 Debug: Notice (8): Undefined property: View::$Js in [F:\xampp\htdocs\fbf\app\views\layouts\default.ctp, line 67]
2011-08-09 07:15:05 Debug: Notice (8): Undefined property: View::$Js in [F:\xampp\htdocs\fbf\app\views\layouts\default.ctp, line 67]
2011-08-09 07:15:05 Debug: Notice (8): Undefined property: View::$Js in [F:\xampp\htdocs\fbf\app\views\layouts\default.ctp, line 67]
2011-08-09 07:15:05 Debug: Notice (8): Undefined property: View::$Js in [F:\xampp\htdocs\fbf\app\views\layouts\default.ctp, line 67]
2011-08-09 07:15:16 Debug: Notice (8): Undefined property: View::$Js in [F:\xampp\htdocs\fbf\app\views\layouts\default.ctp, line 67]
2011-08-09 07:15:16 Debug: Notice (8): Undefined property: View::$Js in [F:\xampp\htdocs\fbf\app\views\layouts\default.ctp, line 67]
2011-08-09 07:15:16 Debug: Notice (8): Undefined property: View::$Js in [F:\xampp\htdocs\fbf\app\views\layouts\default.ctp, line 67]
2011-08-09 07:15:16 Debug: Notice (8): Undefined property: View::$Js in [F:\xampp\htdocs\fbf\app\views\layouts\default.ctp, line 67]
2011-08-09 07:15:41 Debug: Notice (8): Undefined property: View::$Js in [F:\xampp\htdocs\fbf\app\views\layouts\default.ctp, line 67]
2011-08-09 07:15:42 Debug: Notice (8): Undefined property: View::$Js in [F:\xampp\htdocs\fbf\app\views\layouts\default.ctp, line 67]
2011-08-09 07:18:09 Debug: Notice (8): Undefined property: View::$Js in [F:\xampp\htdocs\fbf\app\views\layouts\default.ctp, line 67]
2011-08-09 07:18:09 Debug: Notice (8): Undefined property: View::$Js in [F:\xampp\htdocs\fbf\app\views\layouts\default.ctp, line 67]
2011-08-09 07:18:09 Debug: Notice (8): Undefined property: View::$Js in [F:\xampp\htdocs\fbf\app\views\layouts\default.ctp, line 67]
2011-08-09 07:18:22 Debug: Notice (8): Undefined property: View::$Js in [F:\xampp\htdocs\fbf\app\views\layouts\default.ctp, line 67]
2011-08-09 07:18:22 Debug: Notice (8): Undefined property: View::$Js in [F:\xampp\htdocs\fbf\app\views\layouts\default.ctp, line 67]
2011-08-09 07:18:22 Debug: Notice (8): Undefined property: View::$Js in [F:\xampp\htdocs\fbf\app\views\layouts\default.ctp, line 67]
2011-08-09 07:18:23 Debug: Notice (8): Undefined property: View::$Js in [F:\xampp\htdocs\fbf\app\views\layouts\default.ctp, line 67]
2011-08-09 07:18:23 Debug: Notice (8): Undefined property: View::$Js in [F:\xampp\htdocs\fbf\app\views\layouts\default.ctp, line 67]
2011-08-09 07:18:23 Debug: Notice (8): Undefined property: View::$Js in [F:\xampp\htdocs\fbf\app\views\layouts\default.ctp, line 67]
2011-08-09 07:18:23 Debug: Notice (8): Undefined property: View::$Js in [F:\xampp\htdocs\fbf\app\views\layouts\default.ctp, line 67]
2011-08-09 07:18:24 Debug: Notice (8): Undefined property: View::$Js in [F:\xampp\htdocs\fbf\app\views\layouts\default.ctp, line 67]
2011-08-09 07:19:19 Debug: Notice (8): Undefined property: View::$Js in [F:\xampp\htdocs\fbf\app\views\layouts\default.ctp, line 67]
2011-08-09 07:19:19 Debug: Notice (8): Undefined property: View::$Js in [F:\xampp\htdocs\fbf\app\views\layouts\default.ctp, line 67]
2011-08-09 07:19:33 Debug: Notice (8): Undefined property: View::$Js in [F:\xampp\htdocs\fbf\app\views\layouts\default.ctp, line 67]
2011-08-09 07:19:33 Debug: Notice (8): Undefined property: View::$Js in [F:\xampp\htdocs\fbf\app\views\layouts\default.ctp, line 67]
2011-08-09 07:19:33 Debug: Notice (8): Undefined property: View::$Js in [F:\xampp\htdocs\fbf\app\views\layouts\default.ctp, line 67]
2011-08-09 07:19:45 Debug: Notice (8): Undefined property: View::$Js in [F:\xampp\htdocs\fbf\app\views\layouts\default.ctp, line 67]
2011-08-09 07:19:46 Debug: Notice (8): Undefined property: View::$Js in [F:\xampp\htdocs\fbf\app\views\layouts\default.ctp, line 67]
2011-08-09 07:19:46 Debug: Notice (8): Undefined property: View::$Js in [F:\xampp\htdocs\fbf\app\views\layouts\default.ctp, line 67]
2011-08-09 07:20:19 Debug: Notice (8): Undefined property: User::$Subject in [F:\xampp\htdocs\fbf\app\controllers\users_controller.php, line 22]
2011-08-09 07:20:26 Debug: Notice (8): Undefined property: View::$Js in [F:\xampp\htdocs\fbf\app\views\layouts\default.ctp, line 67]
2011-08-09 07:20:26 Debug: Notice (8): Undefined property: View::$Js in [F:\xampp\htdocs\fbf\app\views\layouts\default.ctp, line 67]
2011-08-09 07:20:26 Debug: Notice (8): Undefined property: View::$Js in [F:\xampp\htdocs\fbf\app\views\layouts\default.ctp, line 67]
2011-08-09 07:20:28 Debug: Notice (8): Undefined property: View::$Js in [F:\xampp\htdocs\fbf\app\views\layouts\default.ctp, line 67]
2011-08-09 07:20:28 Debug: Notice (8): Undefined property: View::$Js in [F:\xampp\htdocs\fbf\app\views\layouts\default.ctp, line 67]
2011-08-09 07:20:28 Debug: Notice (8): Undefined property: View::$Js in [F:\xampp\htdocs\fbf\app\views\layouts\default.ctp, line 67]
2011-08-09 07:20:28 Debug: Notice (8): Undefined property: View::$Js in [F:\xampp\htdocs\fbf\app\views\layouts\default.ctp, line 67]
2011-08-09 07:20:28 Debug: Notice (8): Undefined property: View::$Js in [F:\xampp\htdocs\fbf\app\views\layouts\default.ctp, line 67]
2011-08-09 07:20:28 Debug: Notice (8): Undefined property: View::$Js in [F:\xampp\htdocs\fbf\app\views\layouts\default.ctp, line 67]
2011-08-09 07:20:32 Debug: Notice (8): Undefined property: View::$Js in [F:\xampp\htdocs\fbf\app\views\layouts\default.ctp, line 67]
2011-08-09 07:20:32 Debug: Notice (8): Undefined property: View::$Js in [F:\xampp\htdocs\fbf\app\views\layouts\default.ctp, line 67]
2011-08-09 07:20:32 Debug: Notice (8): Undefined property: View::$Js in [F:\xampp\htdocs\fbf\app\views\layouts\default.ctp, line 67]
2011-08-09 07:20:32 Debug: Notice (8): Undefined property: View::$Js in [F:\xampp\htdocs\fbf\app\views\layouts\default.ctp, line 67]
2011-08-09 07:20:41 Debug: Notice (8): Undefined property: View::$Js in [F:\xampp\htdocs\fbf\app\views\layouts\default.ctp, line 67]
2011-08-09 07:20:41 Debug: Notice (8): Undefined property: View::$Js in [F:\xampp\htdocs\fbf\app\views\layouts\default.ctp, line 67]
2011-08-09 07:20:41 Debug: Notice (8): Undefined property: View::$Js in [F:\xampp\htdocs\fbf\app\views\layouts\default.ctp, line 67]
2011-08-09 07:20:42 Debug: Notice (8): Undefined property: View::$Js in [F:\xampp\htdocs\fbf\app\views\layouts\default.ctp, line 67]
2011-08-09 07:20:42 Debug: Notice (8): Undefined property: View::$Js in [F:\xampp\htdocs\fbf\app\views\layouts\default.ctp, line 67]
2011-08-09 07:20:42 Debug: Notice (8): Undefined property: View::$Js in [F:\xampp\htdocs\fbf\app\views\layouts\default.ctp, line 67]
2011-08-09 07:20:43 Debug: Notice (8): Undefined property: View::$Js in [F:\xampp\htdocs\fbf\app\views\layouts\default.ctp, line 67]
2011-08-09 07:20:43 Debug: Notice (8): Undefined property: View::$Js in [F:\xampp\htdocs\fbf\app\views\layouts\default.ctp, line 67]
2011-08-09 07:20:43 Debug: Notice (8): Undefined property: View::$Js in [F:\xampp\htdocs\fbf\app\views\layouts\default.ctp, line 67]
2011-08-09 07:20:43 Debug: Notice (8): Undefined property: View::$Js in [F:\xampp\htdocs\fbf\app\views\layouts\default.ctp, line 67]
2011-08-09 07:23:28 Debug: Notice (8): Undefined property: View::$Js in [F:\xampp\htdocs\fbf\app\views\layouts\default.ctp, line 67]
2011-08-09 07:23:28 Debug: Notice (8): Undefined property: View::$Js in [F:\xampp\htdocs\fbf\app\views\layouts\default.ctp, line 67]
2011-08-09 07:23:28 Debug: Notice (8): Undefined property: View::$Js in [F:\xampp\htdocs\fbf\app\views\layouts\default.ctp, line 67]
2011-08-09 07:23:28 Debug: Notice (8): Undefined property: View::$Js in [F:\xampp\htdocs\fbf\app\views\layouts\default.ctp, line 67]
2011-08-09 07:23:57 Debug: Notice (8): Undefined property: View::$Js in [F:\xampp\htdocs\fbf\app\views\layouts\default.ctp, line 67]
2011-08-09 07:23:57 Debug: Notice (8): Undefined property: View::$Js in [F:\xampp\htdocs\fbf\app\views\layouts\default.ctp, line 67]
2011-08-09 07:23:57 Debug: Notice (8): Undefined property: View::$Js in [F:\xampp\htdocs\fbf\app\views\layouts\default.ctp, line 67]
2011-08-09 07:23:58 Debug: Notice (8): Undefined property: View::$Js in [F:\xampp\htdocs\fbf\app\views\layouts\default.ctp, line 67]
2011-08-09 07:23:58 Debug: Notice (8): Undefined property: View::$Js in [F:\xampp\htdocs\fbf\app\views\layouts\default.ctp, line 67]
2011-08-09 07:23:59 Debug: Notice (8): Undefined property: View::$Js in [F:\xampp\htdocs\fbf\app\views\layouts\default.ctp, line 67]
2011-08-09 07:23:59 Debug: Notice (8): Undefined property: View::$Js in [F:\xampp\htdocs\fbf\app\views\layouts\default.ctp, line 67]
2011-08-09 07:24:05 Debug: Notice (8): Undefined property: User::$Subject in [F:\xampp\htdocs\fbf\app\controllers\users_controller.php, line 22]
2011-08-09 07:24:18 Debug: Notice (8): Undefined property: View::$Js in [F:\xampp\htdocs\fbf\app\views\layouts\default.ctp, line 67]
2011-08-09 07:24:18 Debug: Notice (8): Undefined property: View::$Js in [F:\xampp\htdocs\fbf\app\views\layouts\default.ctp, line 67]
2011-08-09 07:24:18 Debug: Notice (8): Undefined property: View::$Js in [F:\xampp\htdocs\fbf\app\views\layouts\default.ctp, line 67]
2011-08-09 07:24:18 Debug: Notice (8): Undefined property: View::$Js in [F:\xampp\htdocs\fbf\app\views\layouts\default.ctp, line 67]
2011-08-09 07:24:18 Debug: Notice (8): Undefined property: View::$Js in [F:\xampp\htdocs\fbf\app\views\layouts\default.ctp, line 67]
2011-08-09 07:24:18 Debug: Notice (8): Undefined property: View::$Js in [F:\xampp\htdocs\fbf\app\views\layouts\default.ctp, line 67]
2011-08-09 07:24:19 Debug: Notice (8): Undefined property: View::$Js in [F:\xampp\htdocs\fbf\app\views\layouts\default.ctp, line 67]
2011-08-09 07:24:19 Debug: Notice (8): Undefined property: View::$Js in [F:\xampp\htdocs\fbf\app\views\layouts\default.ctp, line 67]
2011-08-09 07:24:19 Debug: Notice (8): Undefined property: View::$Js in [F:\xampp\htdocs\fbf\app\views\layouts\default.ctp, line 67]
2011-08-09 07:24:19 Debug: Notice (8): Undefined property: View::$Js in [F:\xampp\htdocs\fbf\app\views\layouts\default.ctp, line 67]
2011-08-09 07:24:20 Debug: Notice (8): Undefined property: View::$Js in [F:\xampp\htdocs\fbf\app\views\layouts\default.ctp, line 67]
2011-08-09 07:24:20 Debug: Notice (8): Undefined property: View::$Js in [F:\xampp\htdocs\fbf\app\views\layouts\default.ctp, line 67]
2011-08-09 07:24:20 Debug: Notice (8): Undefined property: View::$Js in [F:\xampp\htdocs\fbf\app\views\layouts\default.ctp, line 67]
2011-08-09 07:24:20 Debug: Notice (8): Undefined property: View::$Js in [F:\xampp\htdocs\fbf\app\views\layouts\default.ctp, line 67]
2011-08-09 07:26:11 Debug: Notice (8): Undefined property: View::$Js in [F:\xampp\htdocs\fbf\app\views\layouts\default.ctp, line 67]
2011-08-09 07:26:12 Debug: Notice (8): Undefined property: View::$Js in [F:\xampp\htdocs\fbf\app\views\layouts\default.ctp, line 67]
2011-08-09 07:26:12 Debug: Notice (8): Undefined property: View::$Js in [F:\xampp\htdocs\fbf\app\views\layouts\default.ctp, line 67]
2011-08-09 07:26:12 Debug: Notice (8): Undefined property: View::$Js in [F:\xampp\htdocs\fbf\app\views\layouts\default.ctp, line 67]
2011-08-09 07:27:28 Debug: Notice (8): Undefined property: View::$Js in [F:\xampp\htdocs\fbf\app\views\layouts\default.ctp, line 67]
2011-08-09 07:27:29 Debug: Notice (8): Undefined property: View::$Js in [F:\xampp\htdocs\fbf\app\views\layouts\default.ctp, line 67]
2011-08-09 07:27:29 Debug: Notice (8): Undefined property: View::$Js in [F:\xampp\htdocs\fbf\app\views\layouts\default.ctp, line 67]
2011-08-09 07:27:29 Debug: Notice (8): Undefined property: View::$Js in [F:\xampp\htdocs\fbf\app\views\layouts\default.ctp, line 67]
2011-08-09 07:27:29 Debug: Notice (8): Undefined property: View::$Js in [F:\xampp\htdocs\fbf\app\views\layouts\default.ctp, line 67]
2011-08-09 07:29:08 Debug: Notice (8): Undefined property: View::$Js in [F:\xampp\htdocs\fbf\app\views\layouts\default.ctp, line 67]
2011-08-09 07:29:08 Debug: Notice (8): Undefined property: View::$Js in [F:\xampp\htdocs\fbf\app\views\layouts\default.ctp, line 67]
2011-08-09 07:29:08 Debug: Notice (8): Undefined property: View::$Js in [F:\xampp\htdocs\fbf\app\views\layouts\default.ctp, line 67]
2011-08-09 07:41:46 Debug: Notice (8): Undefined property: View::$Js in [F:\xampp\htdocs\fbf\app\views\layouts\default.ctp, line 67]
2011-08-09 07:41:46 Debug: Notice (8): Undefined property: View::$Js in [F:\xampp\htdocs\fbf\app\views\layouts\default.ctp, line 67]
2011-08-09 07:41:47 Debug: Notice (8): Undefined property: View::$Js in [F:\xampp\htdocs\fbf\app\views\layouts\default.ctp, line 67]
2011-08-09 07:41:48 Debug: Notice (8): Undefined property: View::$Js in [F:\xampp\htdocs\fbf\app\views\layouts\default.ctp, line 67]
2011-08-09 07:41:48 Debug: Notice (8): Undefined property: View::$Js in [F:\xampp\htdocs\fbf\app\views\layouts\default.ctp, line 67]
2011-08-09 07:41:48 Debug: Notice (8): Undefined property: View::$Js in [F:\xampp\htdocs\fbf\app\views\layouts\default.ctp, line 67]
2011-08-09 07:41:49 Debug: Notice (8): Undefined property: View::$Js in [F:\xampp\htdocs\fbf\app\views\layouts\default.ctp, line 67]
2011-08-09 07:41:49 Debug: Notice (8): Undefined property: View::$Js in [F:\xampp\htdocs\fbf\app\views\layouts\default.ctp, line 67]
2011-08-09 07:41:49 Debug: Notice (8): Undefined property: View::$Js in [F:\xampp\htdocs\fbf\app\views\layouts\default.ctp, line 67]
2011-08-09 07:41:49 Debug: Notice (8): Undefined property: View::$Js in [F:\xampp\htdocs\fbf\app\views\layouts\default.ctp, line 67]
2011-08-09 07:41:50 Debug: Notice (8): Undefined property: View::$Js in [F:\xampp\htdocs\fbf\app\views\layouts\default.ctp, line 67]
2011-08-09 07:41:51 Debug: Notice (8): Undefined property: View::$Js in [F:\xampp\htdocs\fbf\app\views\layouts\default.ctp, line 67]
2011-08-09 07:41:51 Debug: Notice (8): Undefined property: View::$Js in [F:\xampp\htdocs\fbf\app\views\layouts\default.ctp, line 67]
2011-08-09 07:41:56 Debug: Notice (8): Undefined property: View::$Js in [F:\xampp\htdocs\fbf\app\views\layouts\default.ctp, line 67]
2011-08-09 07:41:56 Debug: Notice (8): Undefined property: View::$Js in [F:\xampp\htdocs\fbf\app\views\layouts\default.ctp, line 67]
2011-08-09 07:41:56 Debug: Notice (8): Undefined property: View::$Js in [F:\xampp\htdocs\fbf\app\views\layouts\default.ctp, line 67]
2011-08-09 07:41:58 Debug: Notice (8): Undefined property: View::$Js in [F:\xampp\htdocs\fbf\app\views\layouts\default.ctp, line 67]
2011-08-09 07:41:58 Debug: Notice (8): Undefined property: View::$Js in [F:\xampp\htdocs\fbf\app\views\layouts\default.ctp, line 67]
2011-08-09 07:42:12 Debug: Notice (8): Undefined property: View::$Js in [F:\xampp\htdocs\fbf\app\views\layouts\default.ctp, line 67]
2011-08-09 07:42:12 Debug: Notice (8): Undefined property: View::$Js in [F:\xampp\htdocs\fbf\app\views\layouts\default.ctp, line 67]
2011-08-09 07:42:13 Debug: Notice (8): Undefined property: View::$Js in [F:\xampp\htdocs\fbf\app\views\layouts\default.ctp, line 67]
2011-08-09 07:43:17 Debug: Notice (8): Undefined property: View::$Js in [F:\xampp\htdocs\fbf\app\views\layouts\default.ctp, line 67]
2011-08-09 07:43:17 Debug: Notice (8): Undefined property: View::$Js in [F:\xampp\htdocs\fbf\app\views\layouts\default.ctp, line 67]
2011-08-09 07:44:37 Debug: Notice (8): Undefined property: View::$Js in [F:\xampp\htdocs\fbf\app\views\layouts\default.ctp, line 67]
2011-08-09 07:48:14 Debug: Notice (8): Undefined property: View::$Js in [F:\xampp\htdocs\fbf\app\views\layouts\default.ctp, line 67]
2011-08-09 07:48:14 Debug: Notice (8): Undefined property: View::$Js in [F:\xampp\htdocs\fbf\app\views\layouts\default.ctp, line 67]
2011-08-09 07:49:10 Debug: Notice (8): Undefined property: FormARecordsController::$FormARecord in [F:\xampp\htdocs\fbf\app\controllers\form_a_records_controller.php, line 25]
2011-08-09 07:50:34 Debug: Notice (8): Undefined variable: teacher in [F:\xampp\htdocs\fbf\app\views\form_a_records\add.ctp, line 2]
2011-08-09 07:50:34 Debug: Notice (8): Undefined variable: teacher in [F:\xampp\htdocs\fbf\app\views\form_a_records\add.ctp, line 8]
2011-08-09 07:50:34 Debug: Notice (8): Undefined variable: subject_code in [F:\xampp\htdocs\fbf\app\views\form_a_records\add.ctp, line 9]
2011-08-09 07:50:34 Debug: Notice (8): Undefined property: View::$Js in [F:\xampp\htdocs\fbf\app\views\layouts\default.ctp, line 67]
2011-08-09 07:50:34 Debug: Notice (8): Undefined property: View::$Js in [F:\xampp\htdocs\fbf\app\views\layouts\default.ctp, line 67]
2011-08-09 07:52:14 Debug: Notice (8): Undefined variable: teacher in [F:\xampp\htdocs\fbf\app\views\form_a_records\add.ctp, line 2]
2011-08-09 07:52:14 Debug: Notice (8): Undefined variable: teacher in [F:\xampp\htdocs\fbf\app\views\form_a_records\add.ctp, line 8]
2011-08-09 07:52:14 Debug: Notice (8): Undefined variable: subject_code in [F:\xampp\htdocs\fbf\app\views\form_a_records\add.ctp, line 9]
2011-08-09 07:52:14 Debug: Notice (8): Undefined property: View::$Js in [F:\xampp\htdocs\fbf\app\views\layouts\default.ctp, line 67]
2011-08-09 07:52:15 Debug: Notice (8): Undefined property: View::$Js in [F:\xampp\htdocs\fbf\app\views\layouts\default.ctp, line 67]
2011-08-09 07:53:07 Debug: Notice (8): Undefined property: View::$Js in [F:\xampp\htdocs\fbf\app\views\layouts\default.ctp, line 67]
2011-08-09 07:53:07 Debug: Notice (8): Undefined property: View::$Js in [F:\xampp\htdocs\fbf\app\views\layouts\default.ctp, line 67]
2011-08-09 07:53:07 Debug: Notice (8): Undefined property: View::$Js in [F:\xampp\htdocs\fbf\app\views\layouts\default.ctp, line 67]
2011-08-09 07:53:08 Debug: Notice (8): Undefined property: View::$Js in [F:\xampp\htdocs\fbf\app\views\layouts\default.ctp, line 67]
2011-08-09 07:53:08 Debug: Notice (8): Undefined property: View::$Js in [F:\xampp\htdocs\fbf\app\views\layouts\default.ctp, line 67]
2011-08-09 07:53:23 Debug: Notice (8): Undefined property: View::$Js in [F:\xampp\htdocs\fbf\app\views\layouts\default.ctp, line 67]
2011-08-09 07:53:23 Debug: Notice (8): Undefined property: View::$Js in [F:\xampp\htdocs\fbf\app\views\layouts\default.ctp, line 67]
2011-08-09 07:54:29 Debug: Notice (8): Undefined property: View::$Js in [F:\xampp\htdocs\fbf\app\views\layouts\default.ctp, line 67]
2011-08-09 07:54:29 Debug: Notice (8): Undefined property: View::$Js in [F:\xampp\htdocs\fbf\app\views\layouts\default.ctp, line 67]
2011-08-09 07:54:29 Debug: Notice (8): Undefined property: View::$Js in [F:\xampp\htdocs\fbf\app\views\layouts\default.ctp, line 67]
2011-08-09 07:54:30 Debug: Notice (8): Undefined property: View::$Js in [F:\xampp\htdocs\fbf\app\views\layouts\default.ctp, line 67]
2011-08-09 07:54:30 Debug: Notice (8): Undefined property: View::$Js in [F:\xampp\htdocs\fbf\app\views\layouts\default.ctp, line 67]
2011-08-09 07:54:37 Debug: Notice (8): Undefined property: View::$Js in [F:\xampp\htdocs\fbf\app\views\layouts\default.ctp, line 67]
2011-08-09 07:54:37 Debug: Notice (8): Undefined property: View::$Js in [F:\xampp\htdocs\fbf\app\views\layouts\default.ctp, line 67]
2011-08-09 07:54:38 Debug: Notice (8): Undefined property: View::$Js in [F:\xampp\htdocs\fbf\app\views\layouts\default.ctp, line 67]
2011-08-09 07:54:38 Debug: Notice (8): Undefined property: View::$Js in [F:\xampp\htdocs\fbf\app\views\layouts\default.ctp, line 67]
2011-08-09 07:54:38 Debug: Notice (8): Undefined property: View::$Js in [F:\xampp\htdocs\fbf\app\views\layouts\default.ctp, line 67]
2011-08-09 07:54:38 Debug: Notice (8): Undefined property: View::$Js in [F:\xampp\htdocs\fbf\app\views\layouts\default.ctp, line 67]
2011-08-09 08:33:18 Debug: Notice (8): Undefined property: View::$Js in [F:\xampp\htdocs\fbf\app\views\layouts\default.ctp, line 67]
2011-08-09 08:33:18 Debug: Notice (8): Undefined property: View::$Js in [F:\xampp\htdocs\fbf\app\views\layouts\default.ctp, line 67]
2011-08-09 08:33:18 Debug: Notice (8): Undefined property: View::$Js in [F:\xampp\htdocs\fbf\app\views\layouts\default.ctp, line 67]
2011-08-09 08:33:40 Debug: Notice (8): Undefined property: View::$Js in [F:\xampp\htdocs\fbf\app\views\layouts\default.ctp, line 67]
2011-08-09 08:33:40 Debug: Notice (8): Undefined property: View::$Js in [F:\xampp\htdocs\fbf\app\views\layouts\default.ctp, line 67]
2011-08-09 08:46:45 Debug: Notice (8): Undefined property: View::$Js in [F:\xampp\htdocs\fbf\app\views\layouts\default.ctp, line 67]
2011-08-09 08:46:45 Debug: Notice (8): Undefined property: View::$Js in [F:\xampp\htdocs\fbf\app\views\layouts\default.ctp, line 67]
2011-08-09 08:46:45 Debug: Notice (8): Undefined property: View::$Js in [F:\xampp\htdocs\fbf\app\views\layouts\default.ctp, line 67]
2011-08-09 08:46:45 Debug: Notice (8): Undefined property: View::$Js in [F:\xampp\htdocs\fbf\app\views\layouts\default.ctp, line 67]
2011-08-09 08:46:45 Debug: Notice (8): Undefined property: View::$Js in [F:\xampp\htdocs\fbf\app\views\layouts\default.ctp, line 67]
2011-08-09 08:46:46 Debug: Notice (8): Undefined property: View::$Js in [F:\xampp\htdocs\fbf\app\views\layouts\default.ctp, line 67]
2011-08-09 08:46:47 Debug: Notice (8): Undefined property: View::$Js in [F:\xampp\htdocs\fbf\app\views\layouts\default.ctp, line 67]
2011-08-09 08:46:47 Debug: Notice (8): Undefined property: View::$Js in [F:\xampp\htdocs\fbf\app\views\layouts\default.ctp, line 67]
2011-08-09 08:46:49 Debug: Notice (8): Undefined property: View::$Js in [F:\xampp\htdocs\fbf\app\views\layouts\default.ctp, line 67]
2011-08-09 08:46:49 Debug: Notice (8): Undefined property: View::$Js in [F:\xampp\htdocs\fbf\app\views\layouts\default.ctp, line 67]
2011-08-09 08:46:49 Debug: Notice (8): Undefined property: View::$Js in [F:\xampp\htdocs\fbf\app\views\layouts\default.ctp, line 67]
2011-08-09 08:46:49 Debug: Notice (8): Undefined property: View::$Js in [F:\xampp\htdocs\fbf\app\views\layouts\default.ctp, line 67]
2011-08-09 08:46:51 Debug: Notice (8): Undefined property: View::$Js in [F:\xampp\htdocs\fbf\app\views\layouts\default.ctp, line 67]
2011-08-09 08:46:52 Debug: Notice (8): Undefined property: View::$Js in [F:\xampp\htdocs\fbf\app\views\layouts\default.ctp, line 67]
2011-08-09 08:46:52 Debug: Notice (8): Undefined property: View::$Js in [F:\xampp\htdocs\fbf\app\views\layouts\default.ctp, line 67]
2011-08-09 08:46:52 Debug: Notice (8): Undefined property: View::$Js in [F:\xampp\htdocs\fbf\app\views\layouts\default.ctp, line 67]
2011-08-09 14:50:52 Debug: Notice (8): Undefined property: View::$Js in [F:\xampp\htdocs\fbf\app\views\layouts\default.ctp, line 67]
2011-08-09 14:50:52 Debug: Notice (8): Undefined property: View::$Js in [F:\xampp\htdocs\fbf\app\views\layouts\default.ctp, line 67]
2011-08-09 14:51:16 Debug: Notice (8): Undefined property: View::$Js in [F:\xampp\htdocs\fbf\app\views\layouts\default.ctp, line 67]
2011-08-09 14:51:16 Debug: Notice (8): Undefined property: View::$Js in [F:\xampp\htdocs\fbf\app\views\layouts\default.ctp, line 67]
2011-08-09 14:52:36 Debug: Notice (8): Undefined variable: teacher in [F:\xampp\htdocs\fbf\app\views\form_a_records\add.ctp, line 2]
2011-08-09 14:52:36 Debug: Notice (8): Undefined variable: teacher in [F:\xampp\htdocs\fbf\app\views\form_a_records\add.ctp, line 8]
2011-08-09 14:52:36 Debug: Notice (8): Undefined variable: subject_code in [F:\xampp\htdocs\fbf\app\views\form_a_records\add.ctp, line 9]
2011-08-09 14:52:36 Debug: Notice (8): Undefined property: View::$Js in [F:\xampp\htdocs\fbf\app\views\layouts\default.ctp, line 67]
2011-08-09 14:52:36 Debug: Notice (8): Undefined property: View::$Js in [F:\xampp\htdocs\fbf\app\views\layouts\default.ctp, line 67]
2011-08-09 14:52:57 Debug: Notice (8): Undefined property: View::$Js in [F:\xampp\htdocs\fbf\app\views\layouts\default.ctp, line 67]
2011-08-09 14:52:58 Debug: Notice (8): Undefined property: View::$Js in [F:\xampp\htdocs\fbf\app\views\layouts\default.ctp, line 67]
2011-08-09 14:53:34 Debug: Notice (8): Undefined property: View::$Js in [F:\xampp\htdocs\fbf\app\views\layouts\default.ctp, line 67]
2011-08-09 14:53:35 Debug: Notice (8): Undefined property: View::$Js in [F:\xampp\htdocs\fbf\app\views\layouts\default.ctp, line 67]
2011-08-09 14:53:35 Debug: Notice (8): Undefined property: View::$Js in [F:\xampp\htdocs\fbf\app\views\layouts\default.ctp, line 67]
2011-08-09 14:53:37 Debug: Notice (8): Undefined property: View::$Js in [F:\xampp\htdocs\fbf\app\views\layouts\default.ctp, line 67]
2011-08-09 14:53:37 Debug: Notice (8): Undefined property: View::$Js in [F:\xampp\htdocs\fbf\app\views\layouts\default.ctp, line 67]
2011-08-09 14:58:59 Debug: Notice (8): Undefined property: View::$Js in [F:\xampp\htdocs\fbf\app\views\layouts\default.ctp, line 67]
2011-08-09 14:58:59 Debug: Notice (8): Undefined property: View::$Js in [F:\xampp\htdocs\fbf\app\views\layouts\default.ctp, line 67]
2011-08-09 14:59:21 Debug: Notice (8): Undefined property: View::$Js in [F:\xampp\htdocs\fbf\app\views\layouts\default.ctp, line 67]
2011-08-09 14:59:21 Debug: Notice (8): Undefined property: View::$Js in [F:\xampp\htdocs\fbf\app\views\layouts\default.ctp, line 67]
2011-08-09 14:59:21 Debug: Notice (8): Undefined property: View::$Js in [F:\xampp\htdocs\fbf\app\views\layouts\default.ctp, line 67]
2011-08-09 14:59:21 Debug: Notice (8): Undefined property: View::$Js in [F:\xampp\htdocs\fbf\app\views\layouts\default.ctp, line 67]
2011-08-09 14:59:22 Debug: Notice (8): Undefined property: View::$Js in [F:\xampp\htdocs\fbf\app\views\layouts\default.ctp, line 67]
2011-08-09 14:59:22 Debug: Notice (8): Undefined property: View::$Js in [F:\xampp\htdocs\fbf\app\views\layouts\default.ctp, line 67]
2011-08-09 14:59:48 Debug: Notice (8): Undefined property: View::$Js in [F:\xampp\htdocs\fbf\app\views\layouts\default.ctp, line 67]
2011-08-09 15:00:38 Debug: Notice (8): Undefined property: View::$Js in [F:\xampp\htdocs\fbf\app\views\layouts\default.ctp, line 67]
2011-08-09 15:00:39 Debug: Notice (8): Undefined property: View::$Js in [F:\xampp\htdocs\fbf\app\views\layouts\default.ctp, line 67]
2011-08-09 15:00:39 Debug: Notice (8): Undefined property: View::$Js in [F:\xampp\htdocs\fbf\app\views\layouts\default.ctp, line 67]
2011-08-09 15:00:39 Debug: Notice (8): Undefined property: View::$Js in [F:\xampp\htdocs\fbf\app\views\layouts\default.ctp, line 67]
2011-08-09 15:00:39 Debug: Notice (8): Undefined property: View::$Js in [F:\xampp\htdocs\fbf\app\views\layouts\default.ctp, line 67]
2011-08-09 15:01:05 Debug: Notice (8): Undefined property: View::$Js in [F:\xampp\htdocs\fbf\app\views\layouts\default.ctp, line 67]
2011-08-09 15:03:13 Debug: Notice (8): Undefined property: View::$Js in [F:\xampp\htdocs\fbf\app\views\layouts\default.ctp, line 67]
2011-08-09 15:03:13 Debug: Notice (8): Undefined property: View::$Js in [F:\xampp\htdocs\fbf\app\views\layouts\default.ctp, line 67]
2011-08-09 15:03:13 Debug: Notice (8): Undefined property: View::$Js in [F:\xampp\htdocs\fbf\app\views\layouts\default.ctp, line 67]
2011-08-09 15:03:19 Debug: Notice (8): Undefined property: View::$Js in [F:\xampp\htdocs\fbf\app\views\layouts\default.ctp, line 67]
2011-08-09 15:03:19 Debug: Notice (8): Undefined property: View::$Js in [F:\xampp\htdocs\fbf\app\views\layouts\default.ctp, line 67]
2011-08-09 15:03:19 Debug: Notice (8): Undefined property: View::$Js in [F:\xampp\htdocs\fbf\app\views\layouts\default.ctp, line 67]
2011-08-09 15:03:22 Debug: Notice (8): Undefined property: View::$Js in [F:\xampp\htdocs\fbf\app\views\layouts\default.ctp, line 67]
2011-08-09 15:03:22 Debug: Notice (8): Undefined property: View::$Js in [F:\xampp\htdocs\fbf\app\views\layouts\default.ctp, line 67]
2011-08-09 15:03:22 Debug: Notice (8): Undefined property: View::$Js in [F:\xampp\htdocs\fbf\app\views\layouts\default.ctp, line 67]
2011-08-09 15:03:35 Debug: Notice (8): Undefined property: View::$Js in [F:\xampp\htdocs\fbf\app\views\layouts\default.ctp, line 67]
2011-08-09 15:03:35 Debug: Notice (8): Undefined property: View::$Js in [F:\xampp\htdocs\fbf\app\views\layouts\default.ctp, line 67]
2011-08-09 16:02:38 Debug: Notice (8): Undefined property: View::$Js in [F:\xampp\htdocs\fbf\app\views\layouts\default.ctp, line 67]
2011-08-09 16:02:38 Debug: Notice (8): Undefined property: View::$Js in [F:\xampp\htdocs\fbf\app\views\layouts\default.ctp, line 67]
2011-08-09 16:02:48 Debug: Notice (8): Undefined property: View::$Js in [F:\xampp\htdocs\fbf\app\views\layouts\default.ctp, line 67]
2011-08-09 16:02:49 Debug: Notice (8): Undefined property: View::$Js in [F:\xampp\htdocs\fbf\app\views\layouts\default.ctp, line 67]
2011-08-09 16:02:49 Debug: Notice (8): Undefined property: View::$Js in [F:\xampp\htdocs\fbf\app\views\layouts\default.ctp, line 67]
2011-08-09 16:02:49 Debug: Notice (8): Undefined property: View::$Js in [F:\xampp\htdocs\fbf\app\views\layouts\default.ctp, line 67]
2011-08-09 16:02:49 Debug: Notice (8): Undefined property: View::$Js in [F:\xampp\htdocs\fbf\app\views\layouts\default.ctp, line 67]
2011-08-09 16:02:49 Debug: Notice (8): Undefined property: View::$Js in [F:\xampp\htdocs\fbf\app\views\layouts\default.ctp, line 67]
2011-08-09 16:03:45 Debug: Notice (8): Undefined property: View::$Js in [F:\xampp\htdocs\fbf\app\views\layouts\default.ctp, line 67]
2011-08-09 16:03:45 Debug: Notice (8): Undefined property: View::$Js in [F:\xampp\htdocs\fbf\app\views\layouts\default.ctp, line 67]
2011-08-09 16:03:45 Debug: Notice (8): Undefined property: View::$Js in [F:\xampp\htdocs\fbf\app\views\layouts\default.ctp, line 67]
2011-08-09 16:03:48 Debug: Notice (8): Undefined property: View::$Js in [F:\xampp\htdocs\fbf\app\views\layouts\default.ctp, line 67]
2011-08-09 16:03:48 Debug: Notice (8): Undefined property: View::$Js in [F:\xampp\htdocs\fbf\app\views\layouts\default.ctp, line 67]
2011-08-09 16:03:50 Debug: Notice (8): Undefined property: View::$Js in [F:\xampp\htdocs\fbf\app\views\layouts\default.ctp, line 67]
2011-08-09 16:03:50 Debug: Notice (8): Undefined property: View::$Js in [F:\xampp\htdocs\fbf\app\views\layouts\default.ctp, line 67]
2011-08-09 16:04:15 Debug: Notice (8): Undefined property: View::$Js in [F:\xampp\htdocs\fbf\app\views\layouts\default.ctp, line 67]
2011-08-09 16:04:15 Debug: Notice (8): Undefined property: View::$Js in [F:\xampp\htdocs\fbf\app\views\layouts\default.ctp, line 67]
2011-08-09 16:04:15 Debug: Notice (8): Undefined property: View::$Js in [F:\xampp\htdocs\fbf\app\views\layouts\default.ctp, line 67]
2011-08-09 16:04:16 Debug: Notice (8): Undefined property: View::$Js in [F:\xampp\htdocs\fbf\app\views\layouts\default.ctp, line 67]
2011-08-09 16:04:16 Debug: Notice (8): Undefined property: View::$Js in [F:\xampp\htdocs\fbf\app\views\layouts\default.ctp, line 67]
2011-08-09 16:04:25 Debug: Notice (8): Undefined property: View::$Js in [F:\xampp\htdocs\fbf\app\views\layouts\default.ctp, line 67]
2011-08-09 16:04:26 Debug: Notice (8): Undefined property: View::$Js in [F:\xampp\htdocs\fbf\app\views\layouts\default.ctp, line 67]
2011-08-09 16:04:39 Debug: Notice (8): Undefined property: View::$Js in [F:\xampp\htdocs\fbf\app\views\layouts\default.ctp, line 67]
2011-08-09 16:18:35 Debug: Notice (8): Undefined property: View::$Js in [F:\xampp\htdocs\fbf\app\views\layouts\default.ctp, line 67]
2011-08-09 16:18:35 Debug: Notice (8): Undefined property: View::$Js in [F:\xampp\htdocs\fbf\app\views\layouts\default.ctp, line 67]
2011-08-09 16:18:35 Debug: Notice (8): Undefined property: View::$Js in [F:\xampp\htdocs\fbf\app\views\layouts\default.ctp, line 67]
2011-08-09 16:18:37 Debug: Notice (8): Undefined property: View::$Js in [F:\xampp\htdocs\fbf\app\views\layouts\default.ctp, line 67]
2011-08-09 16:18:37 Debug: Notice (8): Undefined property: View::$Js in [F:\xampp\htdocs\fbf\app\views\layouts\default.ctp, line 67]
2011-08-09 16:18:48 Debug: Notice (8): Undefined property: View::$Js in [F:\xampp\htdocs\fbf\app\views\layouts\default.ctp, line 67]
2011-08-09 16:18:48 Debug: Notice (8): Undefined property: View::$Js in [F:\xampp\htdocs\fbf\app\views\layouts\default.ctp, line 67]
2011-08-09 16:18:48 Debug: Notice (8): Undefined property: View::$Js in [F:\xampp\htdocs\fbf\app\views\layouts\default.ctp, line 67]
2011-08-09 16:18:48 Debug: Notice (8): Undefined property: View::$Js in [F:\xampp\htdocs\fbf\app\views\layouts\default.ctp, line 67]
2011-08-09 16:18:48 Debug: Notice (8): Undefined property: View::$Js in [F:\xampp\htdocs\fbf\app\views\layouts\default.ctp, line 67]
2011-08-09 16:18:48 Debug: Notice (8): Undefined property: View::$Js in [F:\xampp\htdocs\fbf\app\views\layouts\default.ctp, line 67]
2011-08-09 16:18:51 Debug: Notice (8): Undefined property: View::$Js in [F:\xampp\htdocs\fbf\app\views\layouts\default.ctp, line 67]
2011-08-09 16:18:51 Debug: Notice (8): Undefined property: View::$Js in [F:\xampp\htdocs\fbf\app\views\layouts\default.ctp, line 67]
2011-08-09 16:18:51 Debug: Notice (8): Undefined property: View::$Js in [F:\xampp\htdocs\fbf\app\views\layouts\default.ctp, line 67]
2011-08-09 16:19:49 Debug: Notice (8): Undefined property: View::$Js in [F:\xampp\htdocs\fbf\app\views\layouts\default.ctp, line 67]
2011-08-09 16:19:49 Debug: Notice (8): Undefined property: View::$Js in [F:\xampp\htdocs\fbf\app\views\layouts\default.ctp, line 67]
2011-08-09 16:19:49 Debug: Notice (8): Undefined property: View::$Js in [F:\xampp\htdocs\fbf\app\views\layouts\default.ctp, line 67]
2011-08-09 16:20:03 Debug: Notice (8): Undefined property: View::$Js in [F:\xampp\htdocs\fbf\app\views\layouts\default.ctp, line 67]
2011-08-09 16:20:03 Debug: Notice (8): Undefined property: View::$Js in [F:\xampp\htdocs\fbf\app\views\layouts\default.ctp, line 67]
2011-08-09 16:22:38 Debug: Notice (8): Undefined property: View::$Js in [F:\xampp\htdocs\fbf\app\views\layouts\default.ctp, line 67]
2011-08-09 16:22:38 Debug: Notice (8): Undefined property: View::$Js in [F:\xampp\htdocs\fbf\app\views\layouts\default.ctp, line 67]
2011-08-09 16:22:52 Debug: Notice (8): Undefined property: View::$Js in [F:\xampp\htdocs\fbf\app\views\layouts\default.ctp, line 67]
2011-08-09 16:22:53 Debug: Notice (8): Undefined property: View::$Js in [F:\xampp\htdocs\fbf\app\views\layouts\default.ctp, line 67]
2011-08-10 14:56:42 Debug: Notice (8): Undefined property: View::$Js in [F:\xampp\htdocs\fbf\app\views\layouts\default.ctp, line 67]
2011-08-10 14:56:44 Debug: Notice (8): Undefined property: View::$Js in [F:\xampp\htdocs\fbf\app\views\layouts\default.ctp, line 67]
2011-08-10 14:57:02 Debug: Notice (8): Undefined property: View::$Js in [F:\xampp\htdocs\fbf\app\views\layouts\default.ctp, line 67]
2011-08-10 14:57:03 Debug: Notice (8): Undefined property: View::$Js in [F:\xampp\htdocs\fbf\app\views\layouts\default.ctp, line 67]
2011-08-10 14:57:04 Debug: Notice (8): Undefined property: View::$Js in [F:\xampp\htdocs\fbf\app\views\layouts\default.ctp, line 67]
2011-08-10 14:57:05 Debug: Notice (8): Undefined property: View::$Js in [F:\xampp\htdocs\fbf\app\views\layouts\default.ctp, line 67]
2011-08-10 14:57:05 Debug: Notice (8): Undefined property: View::$Js in [F:\xampp\htdocs\fbf\app\views\layouts\default.ctp, line 67]
2011-08-10 14:57:05 Debug: Notice (8): Undefined property: View::$Js in [F:\xampp\htdocs\fbf\app\views\layouts\default.ctp, line 67]
2011-08-10 14:57:13 Debug: Notice (8): Undefined property: View::$Js in [F:\xampp\htdocs\fbf\app\views\layouts\default.ctp, line 67]
2011-08-10 14:57:13 Debug: Notice (8): Undefined property: View::$Js in [F:\xampp\htdocs\fbf\app\views\layouts\default.ctp, line 67]
2011-08-10 14:57:14 Debug: Notice (8): Undefined property: View::$Js in [F:\xampp\htdocs\fbf\app\views\layouts\default.ctp, line 67]
2011-08-10 14:57:19 Debug: Notice (8): Undefined property: View::$Js in [F:\xampp\htdocs\fbf\app\views\layouts\default.ctp, line 67]
2011-08-10 14:57:19 Debug: Notice (8): Undefined property: View::$Js in [F:\xampp\htdocs\fbf\app\views\layouts\default.ctp, line 67]
2011-08-10 14:57:19 Debug: Notice (8): Undefined property: View::$Js in [F:\xampp\htdocs\fbf\app\views\layouts\default.ctp, line 67]
2011-08-10 14:57:57 Debug: Notice (8): Undefined property: View::$Js in [F:\xampp\htdocs\fbf\app\views\layouts\default.ctp, line 67]
2011-08-10 14:57:57 Debug: Notice (8): Undefined property: View::$Js in [F:\xampp\htdocs\fbf\app\views\layouts\default.ctp, line 67]
2011-08-10 15:03:02 Debug: Notice (8): Undefined property: View::$Js in [F:\xampp\htdocs\fbf\app\views\layouts\default.ctp, line 67]
2011-08-10 15:03:03 Debug: Notice (8): Undefined property: View::$Js in [F:\xampp\htdocs\fbf\app\views\layouts\default.ctp, line 67]
2011-08-10 15:03:40 Debug: Notice (8): Undefined property: View::$Js in [F:\xampp\htdocs\fbf\app\views\layouts\default.ctp, line 67]
2011-08-10 15:03:40 Debug: Notice (8): Undefined property: View::$Js in [F:\xampp\htdocs\fbf\app\views\layouts\default.ctp, line 67]
2011-08-11 04:39:32 Debug: Notice (8): Undefined variable: teacher in [F:\xampp\htdocs\fbf\app\views\form_a_records\add.ctp, line 2]
2011-08-11 04:39:32 Debug: Notice (8): Undefined variable: teacher in [F:\xampp\htdocs\fbf\app\views\form_a_records\add.ctp, line 8]
2011-08-11 04:39:32 Debug: Notice (8): Undefined variable: subject_code in [F:\xampp\htdocs\fbf\app\views\form_a_records\add.ctp, line 9]
2011-08-11 04:41:44 Debug: Notice (8): Undefined variable: teacher in [F:\xampp\htdocs\fbf\app\views\form_a_records\add.ctp, line 2]
2011-08-11 04:41:44 Debug: Notice (8): Undefined variable: teacher in [F:\xampp\htdocs\fbf\app\views\form_a_records\add.ctp, line 8]
2011-08-11 04:41:44 Debug: Notice (8): Undefined variable: subject_code in [F:\xampp\htdocs\fbf\app\views\form_a_records\add.ctp, line 9]
2011-08-11 04:42:03 Debug: Notice (8): Undefined variable: teacher in [F:\xampp\htdocs\fbf\app\views\form_a_records\add.ctp, line 2]
2011-08-11 04:42:03 Debug: Notice (8): Undefined variable: teacher in [F:\xampp\htdocs\fbf\app\views\form_a_records\add.ctp, line 8]
2011-08-11 04:42:03 Debug: Notice (8): Undefined variable: subject_code in [F:\xampp\htdocs\fbf\app\views\form_a_records\add.ctp, line 9]
2011-08-12 04:35:32 Debug: Notice (8): Undefined variable: teacher in [F:\xampp\htdocs\fbf\app\views\form_a_records\add.ctp, line 2]
2011-08-12 04:35:32 Debug: Notice (8): Undefined variable: teacher in [F:\xampp\htdocs\fbf\app\views\form_a_records\add.ctp, line 8]
2011-08-12 04:35:32 Debug: Notice (8): Undefined variable: subject_code in [F:\xampp\htdocs\fbf\app\views\form_a_records\add.ctp, line 9]
2011-08-12 04:44:32 Debug: Notice (8): Undefined variable: teacher in [F:\xampp\htdocs\fbf\app\views\form_a_records\add.ctp, line 2]
2011-08-12 04:44:32 Debug: Notice (8): Undefined variable: teacher in [F:\xampp\htdocs\fbf\app\views\form_a_records\add.ctp, line 8]
2011-08-12 04:45:00 Debug: Notice (8): Undefined variable: teacher in [F:\xampp\htdocs\fbf\app\views\form_a_records\add.ctp, line 2]
2011-08-12 04:45:00 Debug: Notice (8): Undefined variable: teacher in [F:\xampp\htdocs\fbf\app\views\form_a_records\add.ctp, line 8]
2011-08-12 04:45:15 Debug: Notice (8): Undefined variable: teacher in [F:\xampp\htdocs\fbf\app\views\form_a_records\add.ctp, line 2]
2011-08-12 04:45:15 Debug: Notice (8): Undefined variable: teacher in [F:\xampp\htdocs\fbf\app\views\form_a_records\add.ctp, line 8]
2011-08-12 04:45:15 Debug: Notice (8): Undefined variable: subject_code in [F:\xampp\htdocs\fbf\app\views\form_a_records\add.ctp, line 9]
2011-08-16 18:46:26 Debug: Notice (8): Object of class HtmlHelper to string conversion in [F:\xampp\htdocs\fbf\app\views\users\index.ctp, line 135]
2011-08-16 18:46:26 Debug: Notice (8): Undefined property: View::$Object in [F:\xampp\htdocs\fbf\app\views\users\index.ctp, line 135]
2011-08-17 06:53:26 Debug: Notice (8): Undefined variable: teacher in [F:\xampp\htdocs\fbf\app\views\form_a_records\add.ctp, line 2]
2011-08-17 06:53:26 Debug: Notice (8): Undefined variable: teacher in [F:\xampp\htdocs\fbf\app\views\form_a_records\add.ctp, line 8]
2011-08-17 06:53:26 Debug: Notice (8): Undefined variable: subject_code in [F:\xampp\htdocs\fbf\app\views\form_a_records\add.ctp, line 9]
2011-08-17 06:56:15 Debug: Notice (8): Undefined variable: rows in [F:\xampp\htdocs\fbf\app\views\form_a_records\all_result.ctp, line 36]
2011-08-17 06:57:46 Debug: Notice (8): Undefined variable: rows in [F:\xampp\htdocs\fbf\app\views\form_a_records\all_result.ctp, line 36]
2011-08-17 07:00:12 Debug: Notice (8): Undefined variable: rows in [F:\xampp\htdocs\fbf\app\views\form_a_records\all_result.ctp, line 36]
2011-08-17 19:12:14 Notice: Notice (8): Undefined variable: teacher in [/home/aj/public_html/fbf/app/views/form_a_records/add.ctp, line 2]
2011-08-17 19:12:14 Notice: Notice (8): Undefined variable: teacher in [/home/aj/public_html/fbf/app/views/form_a_records/add.ctp, line 8]
2011-08-17 19:12:14 Notice: Notice (8): Undefined variable: subject_code in [/home/aj/public_html/fbf/app/views/form_a_records/add.ctp, line 9]
2011-08-17 19:12:57 Notice: Notice (8): Undefined property: User::$Subject in [/home/aj/public_html/fbf/app/controllers/users_controller.php, line 25]
2011-08-17 19:14:50 Notice: Notice (8): Undefined index: Subject in [/home/aj/public_html/fbf/app/views/pages/student.ctp, line 15]
2011-08-17 19:14:50 Notice: Notice (8): Undefined index: Subject in [/home/aj/public_html/fbf/app/views/pages/student.ctp, line 18]
2011-08-17 19:14:50 Notice: Notice (8): Undefined index: Subject in [/home/aj/public_html/fbf/app/views/pages/student.ctp, line 22]
2011-08-17 19:14:50 Notice: Notice (8): Undefined index: Subject in [/home/aj/public_html/fbf/app/views/pages/student.ctp, line 23]
2011-08-17 19:14:50 Notice: Notice (8): Undefined index: Subject in [/home/aj/public_html/fbf/app/views/pages/student.ctp, line 29]
2011-08-17 19:16:51 Notice: Notice (8): Undefined index: Subject in [/home/aj/public_html/fbf/app/views/pages/student.ctp, line 15]
2011-08-17 19:16:51 Notice: Notice (8): Undefined index: Subject in [/home/aj/public_html/fbf/app/views/pages/student.ctp, line 18]
2011-08-17 19:16:51 Notice: Notice (8): Undefined index: code in [/home/aj/public_html/fbf/app/views/pages/student.ctp, line 22]
2011-08-17 19:16:51 Notice: Notice (8): Undefined index: teacher1 in [/home/aj/public_html/fbf/app/views/pages/student.ctp, line 23]
2011-08-17 19:16:51 Notice: Notice (8): Undefined index: Subject in [/home/aj/public_html/fbf/app/views/pages/student.ctp, line 29]
2011-08-17 19:18:48 Notice: Notice (8): Undefined index: Subject in [/home/aj/public_html/fbf/app/views/pages/student.ctp, line 15]
2011-08-17 19:18:48 Notice: Notice (8): Undefined index: Subject in [/home/aj/public_html/fbf/app/views/pages/student.ctp, line 18]
2011-08-17 19:18:48 Notice: Notice (8): Undefined index: code in [/home/aj/public_html/fbf/app/views/pages/student.ctp, line 22]
2011-08-17 19:18:48 Notice: Notice (8): Undefined index: teacher1 in [/home/aj/public_html/fbf/app/views/pages/student.ctp, line 23]
2011-08-17 19:18:48 Notice: Notice (8): Undefined index: Subject in [/home/aj/public_html/fbf/app/views/pages/student.ctp, line 29]
2011-08-17 19:19:02 Notice: Notice (8): Undefined index: code in [/home/aj/public_html/fbf/app/views/pages/student.ctp, line 15]
2011-08-17 19:19:02 Notice: Notice (8): Undefined index: name in [/home/aj/public_html/fbf/app/views/pages/student.ctp, line 15]
2011-08-17 19:19:02 Notice: Notice (8): Undefined index: teacher1 in [/home/aj/public_html/fbf/app/views/pages/student.ctp, line 18]
2011-08-17 19:19:02 Notice: Notice (8): Undefined index: code in [/home/aj/public_html/fbf/app/views/pages/student.ctp, line 22]
2011-08-17 19:19:02 Notice: Notice (8): Undefined index: teacher1 in [/home/aj/public_html/fbf/app/views/pages/student.ctp, line 23]
2011-08-17 19:19:02 Notice: Notice (8): Undefined index: teacher2 in [/home/aj/public_html/fbf/app/views/pages/student.ctp, line 29]
2011-08-17 19:19:38 Notice: Notice (8): Undefined index: code in [/home/aj/public_html/fbf/app/views/pages/student.ctp, line 15]
2011-08-17 19:19:38 Notice: Notice (8): Undefined index: name in [/home/aj/public_html/fbf/app/views/pages/student.ctp, line 15]
2011-08-17 19:19:38 Notice: Notice (8): Undefined index: teacher1 in [/home/aj/public_html/fbf/app/views/pages/student.ctp, line 18]
2011-08-17 19:19:38 Notice: Notice (8): Undefined index: code in [/home/aj/public_html/fbf/app/views/pages/student.ctp, line 22]
2011-08-17 19:19:38 Notice: Notice (8): Undefined index: teacher1 in [/home/aj/public_html/fbf/app/views/pages/student.ctp, line 23]
2011-08-17 19:19:38 Notice: Notice (8): Undefined index: teacher2 in [/home/aj/public_html/fbf/app/views/pages/student.ctp, line 29]
2011-08-17 19:28:10 Notice: Notice (8): Use of undefined constant MySubjects - assumed 'MySubjects' in [/home/aj/public_html/fbf/app/views/pages/student.ctp, line 6]
2011-08-17 19:28:38 Notice: Notice (8): Undefined variable: MySubjects in [/home/aj/public_html/fbf/app/views/pages/student.ctp, line 6]
2011-08-17 19:29:09 Notice: Notice (8): Undefined variable: MySubjects in [/home/aj/public_html/fbf/app/views/pages/student.ctp, line 6]
2011-08-26 18:58:30 Notice: Notice (8): iconv() [http://php.net/function.iconv]: Detected an incomplete multibyte character in input string in [/home/aj/public_html/fbf/app/vendors/excel_reader2.php, line 1718]
2011-08-26 18:58:30 Notice: Notice (8): Undefined index: dontprint in [/home/aj/public_html/fbf/app/vendors/excel_reader2.php, line 626]
2011-08-26 18:58:30 Notice: Notice (8): Undefined index: hyperlink in [/home/aj/public_html/fbf/app/vendors/excel_reader2.php, line 383]
2011-08-26 18:58:30 Notice: Notice (8): Undefined offset: 3 in [/home/aj/public_html/fbf/app/vendors/excel_reader2.php, line 626]
2011-08-26 18:58:30 Notice: Notice (8): Undefined index:  in [/home/aj/public_html/fbf/app/vendors/excel_reader2.php, line 521]
2011-08-26 18:58:30 Notice: Notice (8): Undefined index:  in [/home/aj/public_html/fbf/app/vendors/excel_reader2.php, line 524]
2011-08-26 18:58:30 Notice: Notice (8): Undefined index:  in [/home/aj/public_html/fbf/app/vendors/excel_reader2.php, line 527]
2011-08-26 18:58:30 Notice: Notice (8): Undefined index:  in [/home/aj/public_html/fbf/app/vendors/excel_reader2.php, line 530]
2011-08-26 18:58:30 Notice: Notice (8): Undefined offset: 4 in [/home/aj/public_html/fbf/app/vendors/excel_reader2.php, line 626]
2011-08-26 18:58:30 Notice: Notice (8): Undefined offset: 5 in [/home/aj/public_html/fbf/app/vendors/excel_reader2.php, line 626]
2011-08-26 18:58:30 Notice: Notice (8): Undefined offset: 6 in [/home/aj/public_html/fbf/app/vendors/excel_reader2.php, line 626]
2011-08-26 18:58:30 Notice: Notice (8): Undefined offset: 7 in [/home/aj/public_html/fbf/app/vendors/excel_reader2.php, line 626]
2011-08-26 18:58:30 Notice: Notice (8): Undefined offset: 8 in [/home/aj/public_html/fbf/app/vendors/excel_reader2.php, line 626]
2011-08-26 18:58:30 Notice: Notice (8): Undefined offset: 9 in [/home/aj/public_html/fbf/app/vendors/excel_reader2.php, line 626]
2011-08-26 18:58:30 Notice: Notice (8): Undefined offset: 10 in [/home/aj/public_html/fbf/app/vendors/excel_reader2.php, line 626]
2011-08-26 18:58:30 Notice: Notice (8): Undefined offset: 2 in [/home/aj/public_html/fbf/app/vendors/excel_reader2.php, line 626]
2011-08-26 18:58:31 Notice: Notice (8): Undefined offset: 21 in [/home/aj/public_html/fbf/app/vendors/excel_reader2.php, line 403]
2011-08-26 18:58:31 Notice: Notice (8): Undefined offset: 21 in [/home/aj/public_html/fbf/app/vendors/excel_reader2.php, line 406]
2011-08-26 18:58:31 Notice: Notice (8): Undefined offset: 21 in [/home/aj/public_html/fbf/app/vendors/excel_reader2.php, line 626]
2011-08-26 18:58:31 Notice: Notice (8): Undefined offset: 27 in [/home/aj/public_html/fbf/app/vendors/excel_reader2.php, line 403]
2011-08-26 18:58:31 Notice: Notice (8): Undefined offset: 27 in [/home/aj/public_html/fbf/app/vendors/excel_reader2.php, line 406]
2011-08-26 18:58:31 Notice: Notice (8): Undefined offset: 27 in [/home/aj/public_html/fbf/app/vendors/excel_reader2.php, line 626]
2011-08-26 18:58:31 Notice: Notice (8): Undefined offset: 2 in [/home/aj/public_html/fbf/app/vendors/excel_reader2.php, line 383]
2011-08-26 18:58:31 Notice: Notice (8): Undefined offset: 3 in [/home/aj/public_html/fbf/app/vendors/excel_reader2.php, line 383]
2011-08-26 18:58:31 Notice: Notice (8): Undefined offset: 31 in [/home/aj/public_html/fbf/app/vendors/excel_reader2.php, line 403]
2011-08-26 18:58:31 Notice: Notice (8): Undefined offset: 31 in [/home/aj/public_html/fbf/app/vendors/excel_reader2.php, line 406]
2011-08-26 18:58:31 Notice: Notice (8): Undefined offset: 31 in [/home/aj/public_html/fbf/app/vendors/excel_reader2.php, line 626]
2011-08-26 18:58:31 Notice: Notice (8): Undefined offset: 34 in [/home/aj/public_html/fbf/app/vendors/excel_reader2.php, line 626]
2011-08-26 18:58:31 Notice: Notice (8): Undefined offset: 36 in [/home/aj/public_html/fbf/app/vendors/excel_reader2.php, line 626]
2011-08-26 18:58:31 Notice: Notice (8): Undefined offset: 38 in [/home/aj/public_html/fbf/app/vendors/excel_reader2.php, line 403]
2011-08-26 18:58:31 Notice: Notice (8): Undefined offset: 38 in [/home/aj/public_html/fbf/app/vendors/excel_reader2.php, line 406]
2011-08-26 18:58:31 Notice: Notice (8): Undefined offset: 38 in [/home/aj/public_html/fbf/app/vendors/excel_reader2.php, line 626]
2011-08-26 18:58:31 Notice: Notice (8): Undefined offset: 40 in [/home/aj/public_html/fbf/app/vendors/excel_reader2.php, line 626]
2011-08-26 18:58:31 Notice: Notice (8): Undefined offset: 1 in [/home/aj/public_html/fbf/app/vendors/excel_reader2.php, line 626]
2011-09-13 19:34:02 Notice: Notice (8): Undefined variable: results in [/home/aj/public_html/fbf/app/views/form_b_results/result.ctp, line 1]
2011-09-15 20:02:22 Notice: Notice (8): Undefined property: PagesController::$FormARecord in [/home/aj/public_html/fbf/app/pages_controller.php, line 91]
2011-09-15 20:05:20 Notice: Notice (8): Undefined property: FormARecord::$FormARecord in [/home/aj/public_html/fbf/app/models/form_a_record.php, line 162]
2011-09-15 20:09:58 Notice: Notice (8): Undefined index: subject_code in [/home/aj/public_html/fbf/app/models/form_a_record.php, line 162]
2011-09-15 20:09:58 Notice: Notice (8): Undefined index: subject_code in [/home/aj/public_html/fbf/app/models/form_a_record.php, line 164]
2011-09-15 20:09:58 Notice: Notice (8): Undefined index: sum(q1) in [/home/aj/public_html/fbf/app/models/form_a_record.php, line 167]
2011-09-15 20:09:58 Notice: Notice (8): Undefined index: sum(q2) in [/home/aj/public_html/fbf/app/models/form_a_record.php, line 168]
2011-09-15 20:09:58 Notice: Notice (8): Undefined index: sum(q3) in [/home/aj/public_html/fbf/app/models/form_a_record.php, line 169]
2011-09-15 20:09:58 Notice: Notice (8): Undefined index: sum(q4) in [/home/aj/public_html/fbf/app/models/form_a_record.php, line 170]
2011-09-15 20:09:58 Notice: Notice (8): Undefined index: sum(q5) in [/home/aj/public_html/fbf/app/models/form_a_record.php, line 171]
2011-09-15 20:09:58 Notice: Notice (8): Undefined index: sum(q6) in [/home/aj/public_html/fbf/app/models/form_a_record.php, line 172]
2011-09-15 20:09:58 Notice: Notice (8): Undefined index: sum(q7) in [/home/aj/public_html/fbf/app/models/form_a_record.php, line 173]
2011-09-15 20:09:58 Notice: Notice (8): Undefined index: sum(q8) in [/home/aj/public_html/fbf/app/models/form_a_record.php, line 174]
2011-09-15 20:09:58 Notice: Notice (8): Undefined index: sum(q9) in [/home/aj/public_html/fbf/app/models/form_a_record.php, line 175]
2011-09-15 20:09:58 Notice: Notice (8): Undefined index: sum(q10) in [/home/aj/public_html/fbf/app/models/form_a_record.php, line 176]
2011-09-15 20:24:49 Notice: Notice (8): Undefined index: subject_code in [/home/aj/public_html/fbf/app/models/form_a_record.php, line 162]
2011-09-16 18:31:40 Notice: Notice (8): Undefined index: subject_code in [/home/aj/public_html/fbf/app/models/form_a_record.php, line 162]
2011-09-16 18:39:44 Notice: Notice (8): Undefined variable: userSubjectData in [/home/aj/public_html/fbf/app/models/form_a_record.php, line 158]
2011-09-16 18:39:44 Notice: Notice (8): Undefined property: FormARecord::$Session in [/home/aj/public_html/fbf/app/models/form_a_record.php, line 160]
2011-09-16 18:43:15 Notice: Notice (8): Undefined variable: userSubjectData in [/home/aj/public_html/fbf/app/models/form_a_record.php, line 158]
2011-09-16 18:43:15 Notice: Notice (8): Undefined property: FormARecord::$Session in [/home/aj/public_html/fbf/app/models/form_a_record.php, line 160]
2011-09-16 18:48:16 Notice: Notice (8): Undefined variable: userSubjectData in [/home/aj/public_html/fbf/app/models/form_a_record.php, line 158]
2011-09-16 18:48:16 Notice: Notice (8): Undefined property: FormARecord::$Session in [/home/aj/public_html/fbf/app/models/form_a_record.php, line 160]
2011-09-16 18:48:20 Notice: Notice (8): Undefined variable: userSubjectData in [/home/aj/public_html/fbf/app/models/form_a_record.php, line 158]
2011-09-16 18:48:20 Notice: Notice (8): Undefined property: FormARecord::$Session in [/home/aj/public_html/fbf/app/models/form_a_record.php, line 160]
2011-09-16 18:48:29 Notice: Notice (8): Undefined index: subject_code in [/home/aj/public_html/fbf/app/models/form_a_record.php, line 162]
2011-09-16 18:48:29 Notice: Notice (8): Undefined index: subject_code in [/home/aj/public_html/fbf/app/models/form_a_record.php, line 164]
2011-09-16 18:48:30 Notice: Notice (8): Undefined index: sum(q1) in [/home/aj/public_html/fbf/app/models/form_a_record.php, line 167]
2011-09-16 18:48:30 Notice: Notice (8): Undefined index: sum(q2) in [/home/aj/public_html/fbf/app/models/form_a_record.php, line 168]
2011-09-16 18:48:30 Notice: Notice (8): Undefined index: sum(q3) in [/home/aj/public_html/fbf/app/models/form_a_record.php, line 169]
2011-09-16 18:48:30 Notice: Notice (8): Undefined index: sum(q4) in [/home/aj/public_html/fbf/app/models/form_a_record.php, line 170]
2011-09-16 18:48:30 Notice: Notice (8): Undefined index: sum(q5) in [/home/aj/public_html/fbf/app/models/form_a_record.php, line 171]
2011-09-16 18:48:30 Notice: Notice (8): Undefined index: sum(q6) in [/home/aj/public_html/fbf/app/models/form_a_record.php, line 172]
2011-09-16 18:48:30 Notice: Notice (8): Undefined index: sum(q7) in [/home/aj/public_html/fbf/app/models/form_a_record.php, line 173]
2011-09-16 18:48:30 Notice: Notice (8): Undefined index: sum(q8) in [/home/aj/public_html/fbf/app/models/form_a_record.php, line 174]
2011-09-16 18:48:30 Notice: Notice (8): Undefined index: sum(q9) in [/home/aj/public_html/fbf/app/models/form_a_record.php, line 175]
2011-09-16 18:48:30 Notice: Notice (8): Undefined index: sum(q10) in [/home/aj/public_html/fbf/app/models/form_a_record.php, line 176]
2011-09-16 18:51:55 Notice: Notice (8): Undefined variable: userSubjectData in [/home/aj/public_html/fbf/app/models/form_a_record.php, line 158]
2011-09-16 18:52:55 Notice: Notice (8): Undefined index: subject_code in [/home/aj/public_html/fbf/app/models/form_a_record.php, line 163]
2011-09-18 17:54:24 Notice: Notice (8): Undefined variable: userID in [/home/aj/public_html/fbf/app/models/form_a_record.php, line 147]
2011-09-18 17:58:59 Notice: Notice (8): Undefined variable: db in [/home/aj/public_html/fbf/app/views/pages/teacher.ctp, line 6]
2011-10-10 19:53:34 Notice: Notice (8): Undefined property: User::$SubjectLearnt in [/home/aj/public_html/fbf/app/controllers/users_controller.php, line 31]
2011-10-10 19:54:14 Notice: Notice (8): Undefined property: User::$SubjectLearnt in [/home/aj/public_html/fbf/app/controllers/users_controller.php, line 31]
2011-10-10 19:59:52 Notice: Notice (8): Undefined property: User::$SubjectLearnt in [/home/aj/public_html/fbf/app/controllers/users_controller.php, line 31]
2011-10-11 12:24:27 Notice: Notice (8): Undefined index: subject in [/home/aj/public_html/fbf/app/models/form_a_record.php, line 160]
2011-10-11 12:28:42 Notice: Notice (8): Undefined index: subject_code in [/home/aj/public_html/fbf/app/models/form_a_record.php, line 164]
2011-10-11 12:29:06 Notice: Notice (8): Undefined index: subject_id in [/home/aj/public_html/fbf/app/models/form_a_record.php, line 164]
2011-10-11 12:29:24 Notice: Notice (8): Undefined index: subject_id in [/home/aj/public_html/fbf/app/models/form_a_record.php, line 168]
2011-10-11 12:29:24 Notice: Notice (8): Undefined index: code in [/home/aj/public_html/fbf/app/models/form_a_record.php, line 170]
2011-10-11 12:45:16 Notice: Notice (8): Undefined index: code in [/home/aj/public_html/fbf/app/models/form_a_record.php, line 190]
2011-10-11 13:04:51 Notice: Notice (8): Undefined index: code in [/home/aj/public_html/fbf/app/models/form_a_record.php, line 195]
2011-10-11 13:05:00 Notice: Notice (8): Undefined index: code in [/home/aj/public_html/fbf/app/models/form_a_record.php, line 195]
2011-10-11 13:09:54 Notice: Notice (8): Undefined index: code in [/home/aj/public_html/fbf/app/models/form_a_record.php, line 197]
2011-10-11 13:14:48 Notice: Notice (8): Undefined index: code in [/home/aj/public_html/fbf/app/models/form_a_record.php, line 197]
2011-10-11 13:19:31 Notice: Notice (8): Undefined index: code in [/home/aj/public_html/fbf/app/models/form_a_record.php, line 197]
2011-10-11 13:31:25 Notice: Notice (8): Undefined property: FormARecord::$User in [/home/aj/public_html/fbf/app/models/form_a_record.php, line 192]
2011-10-11 13:31:43 Notice: Notice (8): Undefined index: code in [/home/aj/public_html/fbf/app/models/form_a_record.php, line 203]
2011-10-11 13:32:57 Notice: Notice (8): Undefined index: code in [/home/aj/public_html/fbf/app/models/form_a_record.php, line 203]
2011-10-11 13:32:57 Notice: Notice (8): Undefined index: sum(q1) in [/home/aj/public_html/fbf/app/models/form_a_record.php, line 204]
2011-10-11 13:32:57 Notice: Notice (8): Undefined index: sum(q2) in [/home/aj/public_html/fbf/app/models/form_a_record.php, line 205]
2011-10-11 13:32:57 Notice: Notice (8): Undefined index: sum(q3) in [/home/aj/public_html/fbf/app/models/form_a_record.php, line 206]
2011-10-11 13:32:57 Notice: Notice (8): Undefined index: sum(q4) in [/home/aj/public_html/fbf/app/models/form_a_record.php, line 207]
2011-10-11 13:32:57 Notice: Notice (8): Undefined index: sum(q5) in [/home/aj/public_html/fbf/app/models/form_a_record.php, line 208]
2011-10-11 13:32:57 Notice: Notice (8): Undefined index: sum(q6) in [/home/aj/public_html/fbf/app/models/form_a_record.php, line 209]
2011-10-11 13:32:57 Notice: Notice (8): Undefined index: sum(q7) in [/home/aj/public_html/fbf/app/models/form_a_record.php, line 210]
2011-10-11 13:32:57 Notice: Notice (8): Undefined index: sum(q8) in [/home/aj/public_html/fbf/app/models/form_a_record.php, line 211]
2011-10-11 13:32:57 Notice: Notice (8): Undefined index: sum(q9) in [/home/aj/public_html/fbf/app/models/form_a_record.php, line 212]
2011-10-11 13:32:57 Notice: Notice (8): Undefined index: sum(q10) in [/home/aj/public_html/fbf/app/models/form_a_record.php, line 213]
2011-10-11 13:33:21 Notice: Notice (8): Undefined index: code in [/home/aj/public_html/fbf/app/models/form_a_record.php, line 203]
2011-10-11 13:37:19 Notice: Notice (8): Undefined index: code in [/home/aj/public_html/fbf/app/models/form_a_record.php, line 197]
2011-10-11 13:37:19 Notice: Notice (8): Undefined index: sum(q1) in [/home/aj/public_html/fbf/app/models/form_a_record.php, line 198]
2011-10-11 13:37:19 Notice: Notice (8): Undefined index: sum(q2) in [/home/aj/public_html/fbf/app/models/form_a_record.php, line 199]
2011-10-11 13:37:19 Notice: Notice (8): Undefined index: sum(q3) in [/home/aj/public_html/fbf/app/models/form_a_record.php, line 200]
2011-10-11 13:37:19 Notice: Notice (8): Undefined index: sum(q4) in [/home/aj/public_html/fbf/app/models/form_a_record.php, line 201]
2011-10-11 13:37:19 Notice: Notice (8): Undefined index: sum(q5) in [/home/aj/public_html/fbf/app/models/form_a_record.php, line 202]
2011-10-11 13:37:19 Notice: Notice (8): Undefined index: sum(q6) in [/home/aj/public_html/fbf/app/models/form_a_record.php, line 203]
2011-10-11 13:37:19 Notice: Notice (8): Undefined index: sum(q7) in [/home/aj/public_html/fbf/app/models/form_a_record.php, line 204]
2011-10-11 13:37:19 Notice: Notice (8): Undefined index: sum(q8) in [/home/aj/public_html/fbf/app/models/form_a_record.php, line 205]
2011-10-11 13:37:19 Notice: Notice (8): Undefined index: sum(q9) in [/home/aj/public_html/fbf/app/models/form_a_record.php, line 206]
2011-10-11 13:37:19 Notice: Notice (8): Undefined index: sum(q10) in [/home/aj/public_html/fbf/app/models/form_a_record.php, line 207]
