2011-07-24 12:58:44 Warning: Warning (512): /home/aj/public_html/testcakeproject/app/tmp/cache/ is not writable in [/home/aj/public_html/testcakeproject/cake/libs/cache/file.php, line 267]
2011-07-24 12:58:44 Warning: Warning (512): /persistent/ is not writable in [/home/aj/public_html/testcakeproject/cake/libs/cache/file.php, line 267]
2011-07-24 12:58:44 Warning: Warning (512): /models/ is not writable in [/home/aj/public_html/testcakeproject/cake/libs/cache/file.php, line 267]
2011-07-24 13:00:31 Warning: Warning (512): /home/aj/public_html/testcakeproject/app/tmp/cache/ is not writable in [/home/aj/public_html/testcakeproject/cake/libs/cache/file.php, line 267]
2011-07-24 13:00:31 Warning: Warning (512): /persistent/ is not writable in [/home/aj/public_html/testcakeproject/cake/libs/cache/file.php, line 267]
2011-07-24 13:00:31 Warning: Warning (512): /models/ is not writable in [/home/aj/public_html/testcakeproject/cake/libs/cache/file.php, line 267]
2011-07-24 13:00:34 Warning: Warning (512): /home/aj/public_html/testcakeproject/app/tmp/cache/ is not writable in [/home/aj/public_html/testcakeproject/cake/libs/cache/file.php, line 267]
2011-07-24 13:00:34 Warning: Warning (512): /persistent/ is not writable in [/home/aj/public_html/testcakeproject/cake/libs/cache/file.php, line 267]
2011-07-24 13:00:34 Warning: Warning (512): /models/ is not writable in [/home/aj/public_html/testcakeproject/cake/libs/cache/file.php, line 267]
2011-07-24 13:01:29 Warning: Warning (512): /home/aj/public_html/testcakeproject/app/tmp/cache/ is not writable in [/home/aj/public_html/testcakeproject/cake/libs/cache/file.php, line 267]
2011-07-24 13:01:29 Warning: Warning (512): /persistent/ is not writable in [/home/aj/public_html/testcakeproject/cake/libs/cache/file.php, line 267]
2011-07-24 13:01:29 Warning: Warning (512): /models/ is not writable in [/home/aj/public_html/testcakeproject/cake/libs/cache/file.php, line 267]
2011-07-24 13:01:32 Warning: Warning (512): /home/aj/public_html/testcakeproject/app/tmp/cache/ is not writable in [/home/aj/public_html/testcakeproject/cake/libs/cache/file.php, line 267]
2011-07-24 13:01:32 Warning: Warning (512): /persistent/ is not writable in [/home/aj/public_html/testcakeproject/cake/libs/cache/file.php, line 267]
2011-07-24 13:01:32 Warning: Warning (512): /models/ is not writable in [/home/aj/public_html/testcakeproject/cake/libs/cache/file.php, line 267]
2011-07-24 13:01:53 Warning: Warning (512): /home/aj/public_html/testcakeproject/app/tmp/cache/ is not writable in [/home/aj/public_html/testcakeproject/cake/libs/cache/file.php, line 267]
2011-07-24 13:01:53 Warning: Warning (512): /persistent/ is not writable in [/home/aj/public_html/testcakeproject/cake/libs/cache/file.php, line 267]
2011-07-24 13:01:53 Warning: Warning (512): /models/ is not writable in [/home/aj/public_html/testcakeproject/cake/libs/cache/file.php, line 267]
2011-07-24 13:03:41 Warning: Warning (512): /home/aj/public_html/testcakeproject/app/tmp/cache/ is not writable in [/home/aj/public_html/testcakeproject/cake/libs/cache/file.php, line 267]
2011-07-24 13:03:41 Warning: Warning (512): /persistent/ is not writable in [/home/aj/public_html/testcakeproject/cake/libs/cache/file.php, line 267]
2011-07-24 13:03:41 Warning: Warning (512): /models/ is not writable in [/home/aj/public_html/testcakeproject/cake/libs/cache/file.php, line 267]
2011-07-24 13:05:43 Warning: Warning (512): /home/aj/public_html/testcakeproject/app/tmp/cache/ is not writable in [/home/aj/public_html/testcakeproject/cake/libs/cache/file.php, line 267]
2011-07-24 13:05:43 Warning: Warning (512): /persistent/ is not writable in [/home/aj/public_html/testcakeproject/cake/libs/cache/file.php, line 267]
2011-07-24 13:05:43 Warning: Warning (512): /models/ is not writable in [/home/aj/public_html/testcakeproject/cake/libs/cache/file.php, line 267]
2011-07-24 18:28:22 Warning: Warning (512): <span style="color:Red;text-align:left"><b>SQL Error:</b> 1048: Column 'priority' cannot be null</span> in [/home/aj/public_html/testcakeproject/cake/libs/model/datasources/dbo_source.php, line 684]
2011-07-25 12:34:17 Warning: Warning (512): <span style="color:Red;text-align:left"><b>SQL Error:</b> 1146: Table 'test.users' doesn't exist</span> in [/home/aj/public_html/collproject/cake/libs/model/datasources/dbo_source.php, line 684]
2011-07-25 12:34:17 Warning: Warning (2): Invalid argument supplied for foreach() in [/home/aj/public_html/collproject/cake/libs/model/datasources/dbo/dbo_mysql.php, line 127]
2011-07-25 12:34:17 Warning: Warning (2): array_keys() expects parameter 1 to be array, boolean given in [/home/aj/public_html/collproject/cake/libs/controller/scaffold.php, line 188]
2011-07-25 12:34:17 Warning: Warning (2): array_keys() expects parameter 1 to be array, boolean given in [/home/aj/public_html/collproject/cake/libs/model/datasources/dbo_source.php, line 1953]
2011-07-25 12:34:17 Warning: Warning (2): array_keys() expects parameter 1 to be array, boolean given in [/home/aj/public_html/collproject/cake/libs/model/datasources/dbo_source.php, line 1966]
2011-07-25 12:34:17 Warning: Warning (2): array_filter() expects parameter 1 to be array, null given in [/home/aj/public_html/collproject/cake/libs/model/datasources/dbo_source.php, line 1970]
2011-07-25 12:34:17 Warning: Warning (2): array_values() expects parameter 1 to be array, null given in [/home/aj/public_html/collproject/cake/libs/model/datasources/dbo_source.php, line 1970]
2011-07-25 12:34:17 Warning: Warning (2): array_unique() expects parameter 1 to be array, null given in [/home/aj/public_html/collproject/cake/libs/model/datasources/dbo_source.php, line 2052]
2011-07-25 12:34:17 Warning: Warning (2): array_unique() expects parameter 1 to be array, null given in [/home/aj/public_html/collproject/cake/libs/model/datasources/dbo_source.php, line 1244]
2011-07-25 12:34:17 Warning: Warning (2): implode() [http://php.net/function.implode]: Invalid arguments passed in [/home/aj/public_html/collproject/cake/libs/model/datasources/dbo_source.php, line 1463]
2011-07-25 12:34:17 Warning: Warning (512): <span style="color:Red;text-align:left"><b>SQL Error:</b> 1064: You have an error in your SQL syntax; check the manual that corresponds to your MySQL server version for the right syntax to use near 'FROM `users` AS `User`   WHERE 1 = 1    LIMIT 20' at line 1</span> in [/home/aj/public_html/collproject/cake/libs/model/datasources/dbo_source.php, line 684]
2011-07-25 12:34:17 Warning: Warning (2): Invalid argument supplied for foreach() in [/home/aj/public_html/collproject/cake/libs/view/scaffolds/index.ctp, line 24]
2011-07-25 12:34:17 Warning: Warning (2): Invalid argument supplied for foreach() in [/home/aj/public_html/collproject/cake/libs/view/scaffolds/index.ctp, line 31]
2011-07-27 13:13:30 Warning: Warning (512): AclNode::node() - Couldn't find Aro node identified by "Array
(
    [Aro0.model] => Group
    [Aro0.foreign_key] => 0
)
" in [/home/aj/public_html/collproject/cake/libs/model/db_acl.php, line 191]
2011-07-27 13:13:30 Warning: Warning (2): Cannot modify header information - headers already sent by (output started at /home/aj/public_html/collproject/cake/libs/debugger.php:673) in [/home/aj/public_html/collproject/cake/libs/controller/controller.php, line 742]
2011-07-27 13:14:30 Warning: Warning (512): <span style="color:Red;text-align:left"><b>SQL Error:</b> 1062: Duplicate entry 'admin' for key 'username'</span> in [/home/aj/public_html/collproject/cake/libs/model/datasources/dbo_source.php, line 684]
2011-07-27 13:27:23 Warning: Warning (512): AclNode::node() - Couldn't find Aro node identified by "Array
(
    [Aro0.model] => Group
    [Aro0.foreign_key] => 1
)
" in [/home/aj/public_html/collproject/cake/libs/model/db_acl.php, line 191]
2011-07-27 13:27:23 Warning: Warning (2): Cannot modify header information - headers already sent by (output started at /home/aj/public_html/collproject/cake/libs/debugger.php:673) in [/home/aj/public_html/collproject/cake/libs/controller/controller.php, line 742]
2011-07-27 13:29:19 Warning: Warning (512): AclNode::node() - Couldn't find Aro node identified by "Array
(
    [Aro0.model] => Group
    [Aro0.foreign_key] => 2
)
" in [/home/aj/public_html/collproject/cake/libs/model/db_acl.php, line 191]
2011-07-27 13:29:19 Warning: Warning (2): Cannot modify header information - headers already sent by (output started at /home/aj/public_html/collproject/cake/libs/debugger.php:673) in [/home/aj/public_html/collproject/cake/libs/controller/controller.php, line 742]
2011-07-27 13:34:20 Warning: Warning (512): <span style="color:Red;text-align:left"><b>SQL Error:</b> 1062: Duplicate entry '1PI09IS001' for key 'username'</span> in [/home/aj/public_html/collproject/cake/libs/model/datasources/dbo_source.php, line 684]
2011-07-27 13:35:01 Warning: Warning (512): AclNode::node() - Couldn't find Aro node identified by "Array
(
    [Aro0.model] => Group
    [Aro0.foreign_key] => 3
)
" in [/home/aj/public_html/collproject/cake/libs/model/db_acl.php, line 191]
2011-07-27 13:35:01 Warning: Warning (2): Cannot modify header information - headers already sent by (output started at /home/aj/public_html/collproject/cake/libs/debugger.php:673) in [/home/aj/public_html/collproject/cake/libs/controller/controller.php, line 742]
2011-07-27 13:54:57 Warning: Warning (512): AclNode::node() - Couldn't find Aro node identified by "Array
(
    [Aro0.model] => Group
    [Aro0.foreign_key] => 3
)
" in [/home/aj/public_html/collproject/cake/libs/model/db_acl.php, line 191]
2011-07-27 13:54:57 Warning: Warning (2): Cannot modify header information - headers already sent by (output started at /home/aj/public_html/collproject/cake/libs/debugger.php:673) in [/home/aj/public_html/collproject/cake/libs/controller/controller.php, line 742]
2011-07-27 13:58:22 Warning: Warning (512): <span style="color:Red;text-align:left"><b>SQL Error:</b> 1062: Duplicate entry 'teacher' for key 'username'</span> in [/home/aj/public_html/collproject/cake/libs/model/datasources/dbo_source.php, line 684]
2011-07-27 13:59:01 Warning: Warning (512): AclNode::node() - Couldn't find Aro node identified by "Array
(
    [Aro0.model] => Group
    [Aro0.foreign_key] => 3
)
" in [/home/aj/public_html/collproject/cake/libs/model/db_acl.php, line 191]
2011-07-27 13:59:01 Warning: Warning (2): Cannot modify header information - headers already sent by (output started at /home/aj/public_html/collproject/cake/libs/debugger.php:673) in [/home/aj/public_html/collproject/cake/libs/controller/controller.php, line 742]
2011-07-27 14:07:48 Warning: Warning (512): AclNode::node() - Couldn't find Aro node identified by "Array
(
    [Aro0.model] => group
    [Aro0.foreign_key] => 2
)
" in [/home/aj/public_html/collproject/cake/libs/model/db_acl.php, line 191]
2011-07-27 14:07:48 Warning: Warning (2): Cannot modify header information - headers already sent by (output started at /home/aj/public_html/collproject/cake/libs/debugger.php:673) in [/home/aj/public_html/collproject/cake/libs/controller/controller.php, line 742]
2011-07-27 14:12:34 Warning: Warning (512): AclNode::node() - Couldn't find Aro node identified by "Array
(
    [Aro0.model] => Group
    [Aro0.foreign_key] => 8
)
" in [/home/aj/public_html/collproject/cake/libs/model/db_acl.php, line 191]
2011-07-27 14:12:34 Warning: Warning (2): Cannot modify header information - headers already sent by (output started at /home/aj/public_html/collproject/cake/libs/debugger.php:673) in [/home/aj/public_html/collproject/cake/libs/controller/controller.php, line 742]
2011-07-27 19:24:40 Warning: Warning (2): strtolower() expects parameter 1 to be string, object given in [/home/aj/public_html/collproject/cake/libs/controller/components/auth.php, line 618]
2011-07-27 19:25:31 Warning: Warning (2): strtolower() expects parameter 1 to be string, object given in [/home/aj/public_html/collproject/cake/libs/controller/components/auth.php, line 618]
2011-07-27 19:26:04 Warning: Warning (2): strtolower() expects parameter 1 to be string, object given in [/home/aj/public_html/collproject/cake/libs/controller/components/auth.php, line 618]
2011-07-28 18:59:12 Warning: Warning (512): DbAcl::check() - Failed ARO/ACO node lookup in permissions check.  Node references:
Aro: Array
(
    [User] => Array
        (
            [id] => 13
            [username] => administrator
            [group_id] => 1
            [email] => ajygvnkr@gmail.com
            [created] => 2011-07-27 14:20:08
            [modified] => 2011-07-27 14:20:08
        )

)

Aco: Users/setDefaultPermissions in [/home/aj/public_html/collproject/cake/libs/controller/components/acl.php, line 273]
2011-07-29 11:51:30 Warning: Warning (2): Missing argument 1 for UsersController::testMail() in [/home/aj/public_html/collproject/app/controllers/users_controller.php, line 16]
2011-07-29 12:01:47 Warning: Warning (512): <span style="color:Red;text-align:left"><b>SQL Error:</b> 1054: Unknown column 'User.id' in 'where clause'</span> in [/home/aj/public_html/collproject/cake/libs/model/datasources/dbo_source.php, line 684]
2011-07-29 14:21:13 Warning: Warning (512): <span style="color:Red;text-align:left"><b>SQL Error:</b> 1054: Unknown column 'User.id' in 'where clause'</span> in [/home/aj/public_html/collproject/cake/libs/model/datasources/dbo_source.php, line 684]
2011-07-30 14:41:37 Warning: Warning (2): Missing argument 1 for UsersController::testMail() in [/home/aj/public_html/collproject/app/controllers/users_controller.php, line 16]
2011-07-30 14:46:17 Warning: Warning (512): <span style="color:Red;text-align:left"><b>SQL Error:</b> 1054: Unknown column 'User.id' in 'where clause'</span> in [/home/aj/public_html/collproject/cake/libs/model/datasources/dbo_source.php, line 684]
2011-07-30 18:35:06 Warning: Warning (512): <span style="color:Red;text-align:left"><b>SQL Error:</b> 1054: Unknown column 'q1' in 'field list'</span> in [/home/aj/public_html/collproject/cake/libs/model/datasources/dbo_source.php, line 684]
2011-07-30 18:35:06 Warning: Warning (2): Invalid argument supplied for foreach() in [/home/aj/public_html/collproject/app/views/form_a_results/index.ctp, line 20]
2011-07-30 18:47:31 Warning: Warning (512): <span style="color:Red;text-align:left"><b>SQL Error:</b> 1054: Unknown column 'q1' in 'field list'</span> in [/home/aj/public_html/collproject/cake/libs/model/datasources/dbo_source.php, line 684]
2011-07-30 18:47:31 Warning: Warning (2): Invalid argument supplied for foreach() in [/home/aj/public_html/collproject/app/views/form_a_results/index.ctp, line 20]
2011-07-30 18:47:43 Warning: Warning (512): <span style="color:Red;text-align:left"><b>SQL Error:</b> 1054: Unknown column 'q1' in 'field list'</span> in [/home/aj/public_html/collproject/cake/libs/model/datasources/dbo_source.php, line 684]
2011-07-30 18:47:43 Warning: Warning (2): Invalid argument supplied for foreach() in [/home/aj/public_html/collproject/app/views/form_a_results/index.ctp, line 20]
2011-07-30 18:54:09 Warning: Warning (512): <span style="color:Red;text-align:left"><b>SQL Error:</b> 1054: Unknown column 'q1' in 'field list'</span> in [/home/aj/public_html/collproject/cake/libs/model/datasources/dbo_source.php, line 684]
2011-07-30 18:54:09 Warning: Warning (2): Invalid argument supplied for foreach() in [/home/aj/public_html/collproject/app/views/form_b_results/index.ctp, line 20]
2011-07-30 19:18:58 Warning: Warning (512): <span style="color:Red;text-align:left"><b>SQL Error:</b> 1054: Unknown column 'q1' in 'field list'</span> in [/home/aj/public_html/collproject/cake/libs/model/datasources/dbo_source.php, line 684]
2011-07-30 19:18:58 Warning: Warning (2): Invalid argument supplied for foreach() in [/home/aj/public_html/collproject/app/views/form_b_results/index.ctp, line 20]
2011-07-31 17:08:06 Warning: Warning (512): <span style="color:Red;text-align:left"><b>SQL Error:</b> 1052: Column 'id' in where clause is ambiguous</span> in [/home/aj/public_html/collproject/cake/libs/model/datasources/dbo_source.php, line 684]
2011-07-31 17:08:11 Warning: Warning (512): <span style="color:Red;text-align:left"><b>SQL Error:</b> 1052: Column 'id' in where clause is ambiguous</span> in [/home/aj/public_html/collproject/cake/libs/model/datasources/dbo_source.php, line 684]
2011-08-07 12:19:16 Warning: Warning (2): fopen(F:\xampp\htdocs\fbf\app\tmp\cache\persistent\cake_core_dir_map) [<a href='http://php.net/function.fopen'>function.fopen</a>]: failed to open stream: Invalid argument in [F:\xampp\htdocs\fbf\cake\libs\file.php, line 152]
2011-08-08 11:51:41 Warning: Warning (2): Invalid argument supplied for foreach() in [F:\xampp\htdocs\fbf\app\views\pages\student.ctp, line 16]
2011-08-09 07:19:19 Warning: Warning (2): Invalid argument supplied for foreach() in [F:\xampp\htdocs\fbf\app\views\pages\student.ctp, line 14]
2011-08-09 07:20:43 Warning: Warning (2): Invalid argument supplied for foreach() in [F:\xampp\htdocs\fbf\app\views\pages\student.ctp, line 14]
2011-08-09 07:23:28 Warning: Warning (2): Invalid argument supplied for foreach() in [F:\xampp\htdocs\fbf\app\views\pages\student.ctp, line 14]
2011-08-09 07:24:19 Warning: Warning (2): Invalid argument supplied for foreach() in [F:\xampp\htdocs\fbf\app\views\pages\student.ctp, line 14]
2011-08-09 07:26:11 Warning: Warning (2): Invalid argument supplied for foreach() in [F:\xampp\htdocs\fbf\app\views\pages\student.ctp, line 14]
2011-08-09 07:27:28 Warning: Warning (2): Invalid argument supplied for foreach() in [F:\xampp\htdocs\fbf\app\views\pages\student.ctp, line 14]
2011-08-09 07:29:08 Warning: Warning (2): Invalid argument supplied for foreach() in [F:\xampp\htdocs\fbf\app\views\pages\student.ctp, line 14]
2011-08-09 16:03:50 Warning: Warning (2): Invalid argument supplied for foreach() in [F:\xampp\htdocs\fbf\app\views\pages\student.ctp, line 14]
2011-08-10 14:56:41 Warning: Warning (2): fopen(F:\xampp\htdocs\fbf\app\tmp\cache\persistent\cake_core_default_en-us) [<a href='http://php.net/function.fopen'>function.fopen</a>]: failed to open stream: Invalid argument in [F:\xampp\htdocs\fbf\cake\libs\file.php, line 152]
2011-08-11 04:38:59 Warning: Warning (2): Invalid argument supplied for foreach() in [F:\xampp\htdocs\fbf\app\views\pages\student.ctp, line 14]
2011-08-12 17:02:07 Warning: Warning (2): fopen(F:\xampp\htdocs\fbf\app\tmp\cache\persistent\cake_core_dir_map) [<a href='http://php.net/function.fopen'>function.fopen</a>]: failed to open stream: Invalid argument in [F:\xampp\htdocs\fbf\cake\libs\file.php, line 152]
2011-08-15 05:26:06 Warning: Warning (512): <span style="color:Red;text-align:left"><b>SQL Error:</b> 1062: Duplicate entry 'teacher' for key 'username'</span> in [F:\xampp\htdocs\fbf\cake\libs\model\datasources\dbo_source.php, line 684]
2011-08-16 18:46:26 Warning: Warning (4096): Object of class HtmlHelper could not be converted to string in [F:\xampp\htdocs\fbf\app\views\users\index.ctp, line 135]
2011-08-17 06:52:12 Warning: Warning (2): fopen(F:\xampp\htdocs\fbf\app\tmp\cache\persistent\cake_core_dir_map) [<a href='http://php.net/function.fopen'>function.fopen</a>]: failed to open stream: Invalid argument in [F:\xampp\htdocs\fbf\cake\libs\file.php, line 152]
2011-08-17 06:56:15 Warning: Warning (512): <span style="color:Red;text-align:left"><b>SQL Error:</b> 1054: Unknown column 'name' in 'field list'</span> in [F:\xampp\htdocs\fbf\cake\libs\model\datasources\dbo_source.php, line 684]
2011-08-17 06:56:15 Warning: Warning (2): Invalid argument supplied for foreach() in [F:\xampp\htdocs\fbf\app\models\form_a_record.php, line 182]
2011-08-17 06:56:15 Warning: Warning (2): Invalid argument supplied for foreach() in [F:\xampp\htdocs\fbf\app\views\form_a_records\all_result.ctp, line 36]
2011-08-17 06:57:46 Warning: Warning (2): Invalid argument supplied for foreach() in [F:\xampp\htdocs\fbf\app\views\form_a_records\all_result.ctp, line 36]
2011-08-17 07:00:12 Warning: Warning (2): Invalid argument supplied for foreach() in [F:\xampp\htdocs\fbf\app\views\form_a_records\all_result.ctp, line 36]
2011-08-17 07:05:48 Warning: Warning (512): <span style="color:Red;text-align:left"><b>SQL Error:</b> 1054: Unknown column 'q1' in 'field list'</span> in [F:\xampp\htdocs\fbf\cake\libs\model\datasources\dbo_source.php, line 684]
2011-08-17 07:05:48 Warning: Warning (2): Invalid argument supplied for foreach() in [F:\xampp\htdocs\fbf\app\views\form_b_results\index.ctp, line 39]
2011-08-17 07:06:00 Warning: Warning (512): <span style="color:Red;text-align:left"><b>SQL Error:</b> 1054: Unknown column 'q1' in 'field list'</span> in [F:\xampp\htdocs\fbf\cake\libs\model\datasources\dbo_source.php, line 684]
2011-08-17 07:06:00 Warning: Warning (2): Invalid argument supplied for foreach() in [F:\xampp\htdocs\fbf\app\views\form_b_results\index.ctp, line 39]
2011-08-17 19:03:27 Warning: Warning (512): /home/aj/public_html/fbf/app/tmp/cache/ is not writable in [/home/aj/public_html/fbf/cake/libs/cache/file.php, line 267]
2011-08-17 19:03:27 Warning: Warning (512): /home/aj/public_html/fbf/app/tmp/cache/persistent/ is not writable in [/home/aj/public_html/fbf/cake/libs/cache/file.php, line 267]
2011-08-17 19:03:27 Warning: Warning (512): /home/aj/public_html/fbf/app/tmp/cache/models/ is not writable in [/home/aj/public_html/fbf/cake/libs/cache/file.php, line 267]
2011-08-17 19:03:28 Warning: Warning (2): Cannot modify header information - headers already sent by (output started at /home/aj/public_html/fbf/cake/libs/debugger.php:673) in [/home/aj/public_html/fbf/cake/libs/controller/controller.php, line 742]
2011-08-17 19:36:50 Warning: Warning (512): <span style="color:Red;text-align:left"><b>SQL Error:</b> 1054: Unknown column 'CommentReceived.user_id' in 'field list'</span> in [/home/aj/public_html/fbf/cake/libs/model/datasources/dbo_source.php, line 684]
2011-08-17 19:36:50 Warning: Warning (2): Invalid argument supplied for foreach() in [/home/aj/public_html/fbf/cake/libs/model/datasources/dbo_source.php, line 1098]
2011-08-17 19:36:50 Warning: Warning (512): <span style="color:Red;text-align:left"><b>SQL Error:</b> 1054: Unknown column 'CommentSent.user_id' in 'field list'</span> in [/home/aj/public_html/fbf/cake/libs/model/datasources/dbo_source.php, line 684]
2011-09-15 20:09:58 Warning: Warning (512): <span style="color:Red;text-align:left"><b>SQL Error:</b> 1064: You have an error in your SQL syntax; check the manual that corresponds to your MySQL server version for the right syntax to use near 'and teacher=3' at line 1</span> in [/home/aj/public_html/fbf/cake/libs/model/datasources/dbo_source.php, line 684]
2011-09-15 20:09:58 Warning: Warning (512): <span style="color:Red;text-align:left"><b>SQL Error:</b> 1064: You have an error in your SQL syntax; check the manual that corresponds to your MySQL server version for the right syntax to use near '=0 offset=0 where code=and teacher=3' at line 1</span> in [/home/aj/public_html/fbf/cake/libs/model/datasources/dbo_source.php, line 684]
2011-09-15 20:09:58 Warning: Warning (2): Division by zero in [/home/aj/public_html/fbf/app/models/form_a_record.php, line 167]
2011-09-15 20:09:58 Warning: Warning (2): Division by zero in [/home/aj/public_html/fbf/app/models/form_a_record.php, line 168]
2011-09-15 20:09:58 Warning: Warning (2): Division by zero in [/home/aj/public_html/fbf/app/models/form_a_record.php, line 169]
2011-09-15 20:09:58 Warning: Warning (2): Division by zero in [/home/aj/public_html/fbf/app/models/form_a_record.php, line 170]
2011-09-15 20:09:58 Warning: Warning (2): Division by zero in [/home/aj/public_html/fbf/app/models/form_a_record.php, line 171]
2011-09-15 20:09:58 Warning: Warning (2): Division by zero in [/home/aj/public_html/fbf/app/models/form_a_record.php, line 172]
2011-09-15 20:09:58 Warning: Warning (2): Division by zero in [/home/aj/public_html/fbf/app/models/form_a_record.php, line 173]
2011-09-15 20:09:58 Warning: Warning (2): Division by zero in [/home/aj/public_html/fbf/app/models/form_a_record.php, line 174]
2011-09-15 20:09:58 Warning: Warning (2): Division by zero in [/home/aj/public_html/fbf/app/models/form_a_record.php, line 175]
2011-09-15 20:09:58 Warning: Warning (2): Division by zero in [/home/aj/public_html/fbf/app/models/form_a_record.php, line 176]
2011-09-15 20:24:49 Warning: Warning (512): <span style="color:Red;text-align:left"><b>SQL Error:</b> 1064: You have an error in your SQL syntax; check the manual that corresponds to your MySQL server version for the right syntax to use near 'and teacher=3' at line 1</span> in [/home/aj/public_html/fbf/cake/libs/model/datasources/dbo_source.php, line 684]
2011-09-16 18:31:41 Warning: Warning (512): <span style="color:Red;text-align:left"><b>SQL Error:</b> 1064: You have an error in your SQL syntax; check the manual that corresponds to your MySQL server version for the right syntax to use near 'and teacher=3' at line 1</span> in [/home/aj/public_html/fbf/cake/libs/model/datasources/dbo_source.php, line 684]
2011-09-16 18:48:29 Warning: Warning (512): <span style="color:Red;text-align:left"><b>SQL Error:</b> 1064: You have an error in your SQL syntax; check the manual that corresponds to your MySQL server version for the right syntax to use near 'and teacher=3' at line 1</span> in [/home/aj/public_html/fbf/cake/libs/model/datasources/dbo_source.php, line 684]
2011-09-16 18:48:30 Warning: Warning (512): <span style="color:Red;text-align:left"><b>SQL Error:</b> 1064: You have an error in your SQL syntax; check the manual that corresponds to your MySQL server version for the right syntax to use near '=0 offset=0 where code=and teacher=3' at line 1</span> in [/home/aj/public_html/fbf/cake/libs/model/datasources/dbo_source.php, line 684]
2011-09-16 18:48:30 Warning: Warning (2): Division by zero in [/home/aj/public_html/fbf/app/models/form_a_record.php, line 167]
2011-09-16 18:48:30 Warning: Warning (2): Division by zero in [/home/aj/public_html/fbf/app/models/form_a_record.php, line 168]
2011-09-16 18:48:30 Warning: Warning (2): Division by zero in [/home/aj/public_html/fbf/app/models/form_a_record.php, line 169]
2011-09-16 18:48:30 Warning: Warning (2): Division by zero in [/home/aj/public_html/fbf/app/models/form_a_record.php, line 170]
2011-09-16 18:48:30 Warning: Warning (2): Division by zero in [/home/aj/public_html/fbf/app/models/form_a_record.php, line 171]
2011-09-16 18:48:30 Warning: Warning (2): Division by zero in [/home/aj/public_html/fbf/app/models/form_a_record.php, line 172]
2011-09-16 18:48:30 Warning: Warning (2): Division by zero in [/home/aj/public_html/fbf/app/models/form_a_record.php, line 173]
2011-09-16 18:48:30 Warning: Warning (2): Division by zero in [/home/aj/public_html/fbf/app/models/form_a_record.php, line 174]
2011-09-16 18:48:30 Warning: Warning (2): Division by zero in [/home/aj/public_html/fbf/app/models/form_a_record.php, line 175]
2011-09-16 18:48:30 Warning: Warning (2): Division by zero in [/home/aj/public_html/fbf/app/models/form_a_record.php, line 176]
2011-09-16 18:52:55 Warning: Warning (512): <span style="color:Red;text-align:left"><b>SQL Error:</b> 1064: You have an error in your SQL syntax; check the manual that corresponds to your MySQL server version for the right syntax to use near 'and teacher=3' at line 1</span> in [/home/aj/public_html/fbf/cake/libs/model/datasources/dbo_source.php, line 684]
2011-09-16 19:49:24 Warning: Warning (512): <span style="color:Red;text-align:left"><b>SQL Error:</b> 1064: You have an error in your SQL syntax; check the manual that corresponds to your MySQL server version for the right syntax to use near 'DISTINCT `Subject`.`id` AS `subject` FROM `subjects` AS `Subject`   WHERE `Subje' at line 1</span> in [/home/aj/public_html/fbf/cake/libs/model/datasources/dbo_source.php, line 684]
2011-10-11 12:13:20 Warning: Warning (512): <span style="color:Red;text-align:left"><b>SQL Error:</b> 1064: You have an error in your SQL syntax; check the manual that corresponds to your MySQL server version for the right syntax to use near 'findId' at line 1</span> in [/home/aj/public_html/fbf/cake/libs/model/datasources/dbo_source.php, line 684]
2011-10-11 12:15:44 Warning: Warning (512): <span style="color:Red;text-align:left"><b>SQL Error:</b> 1064: You have an error in your SQL syntax; check the manual that corresponds to your MySQL server version for the right syntax to use near 'findId' at line 1</span> in [/home/aj/public_html/fbf/cake/libs/model/datasources/dbo_source.php, line 684]
2011-10-11 12:29:24 Warning: Warning (512): <span style="color:Red;text-align:left"><b>SQL Error:</b> 1064: You have an error in your SQL syntax; check the manual that corresponds to your MySQL server version for the right syntax to use near '=1.8 offset=0.1 where subject_id=and teacher=3' at line 1</span> in [/home/aj/public_html/fbf/cake/libs/model/datasources/dbo_source.php, line 684]
2011-10-11 12:45:16 Warning: Warning (512): <span style="color:Red;text-align:left"><b>SQL Error:</b> 1064: You have an error in your SQL syntax; check the manual that corresponds to your MySQL server version for the right syntax to use near '=1.8 offset=0.1 where subject_id=1and teacher=3' at line 1</span> in [/home/aj/public_html/fbf/cake/libs/model/datasources/dbo_source.php, line 684]
2011-10-11 13:04:51 Warning: Warning (512): <span style="color:Red;text-align:left"><b>SQL Error:</b> 1064: You have an error in your SQL syntax; check the manual that corresponds to your MySQL server version for the right syntax to use near '=1.8 offset=0.1 where subject_id=1and teacher=3' at line 1</span> in [/home/aj/public_html/fbf/cake/libs/model/datasources/dbo_source.php, line 684]
2011-10-11 13:05:00 Warning: Warning (512): <span style="color:Red;text-align:left"><b>SQL Error:</b> 1064: You have an error in your SQL syntax; check the manual that corresponds to your MySQL server version for the right syntax to use near '=1.8 offset=0.1 where subject_id=1and teacher=3' at line 1</span> in [/home/aj/public_html/fbf/cake/libs/model/datasources/dbo_source.php, line 684]
2011-10-11 13:09:54 Warning: Warning (512): <span style="color:Red;text-align:left"><b>SQL Error:</b> 1064: You have an error in your SQL syntax; check the manual that corresponds to your MySQL server version for the right syntax to use near '0.1, 1.8' at line 1</span> in [/home/aj/public_html/fbf/cake/libs/model/datasources/dbo_source.php, line 684]
2011-10-11 13:14:48 Warning: Warning (512): <span style="color:Red;text-align:left"><b>SQL Error:</b> 1054: Unknown column 'q1+q2+q3+q4+q5+q6+q7+q8+q9+q10' in 'order clause'</span> in [/home/aj/public_html/fbf/cake/libs/model/datasources/dbo_source.php, line 684]
2011-10-11 13:19:31 Warning: Warning (512): <span style="color:Red;text-align:left"><b>SQL Error:</b> 1054: Unknown column 'q1+q2+q3+q4+q5+q6+q7+q8+q9+q10' in 'order clause'</span> in [/home/aj/public_html/fbf/cake/libs/model/datasources/dbo_source.php, line 684]
2011-10-11 13:31:43 Warning: Warning (512): <span style="color:Red;text-align:left"><b>SQL Error:</b> 1054: Unknown column 'q1+q2+q3+q4+q5+q6+q7+q8+q9+q10' in 'order clause'</span> in [/home/aj/public_html/fbf/cake/libs/model/datasources/dbo_source.php, line 684]
2011-10-11 13:33:21 Warning: Warning (512): <span style="color:Red;text-align:left"><b>SQL Error:</b> 1054: Unknown column 'q1+q2' in 'order clause'</span> in [/home/aj/public_html/fbf/cake/libs/model/datasources/dbo_source.php, line 684]
